[0.808s] DEBUG:colcon:Command line arguments: ['/usr/bin/colcon', 'build']
[0.808s] DEBUG:colcon:Parsed command line arguments: Namespace(log_base=None, log_level=None, verb_name='build', build_base='build', install_base='install', merge_install=False, symlink_install=False, test_result_base=None, continue_on_error=False, executor='parallel', parallel_workers=2, event_handlers=None, ignore_user_meta=False, metas=['./colcon.meta'], base_paths=['.'], packages_ignore=None, packages_ignore_regex=None, paths=None, packages_up_to=None, packages_up_to_regex=None, packages_above=None, packages_above_and_dependencies=None, packages_above_depth=None, packages_select_by_dep=None, packages_skip_by_dep=None, packages_skip_up_to=None, packages_select_build_failed=False, packages_skip_build_finished=False, packages_select_test_failures=False, packages_skip_test_passed=False, packages_select=None, packages_skip=None, packages_select_regex=None, packages_skip_regex=None, packages_start=None, packages_end=None, allow_overriding=[], cmake_args=None, cmake_target=None, cmake_target_skip_unavailable=False, cmake_clean_cache=False, cmake_clean_first=False, cmake_force_configure=False, ament_cmake_args=None, catkin_cmake_args=None, catkin_skip_building_tests=False, verb_parser=<colcon_defaults.argument_parser.defaults.DefaultArgumentsDecorator object at 0x7f770a5cb7c0>, verb_extension=<colcon_core.verb.build.BuildVerb object at 0x7f770a452200>, main=<bound method BuildVerb.main of <colcon_core.verb.build.BuildVerb object at 0x7f770a452200>>)
[0.865s] Level 1:colcon.colcon_core.package_discovery:discover_packages(colcon_meta) check parameters
[0.866s] Level 1:colcon.colcon_core.package_discovery:discover_packages(recursive) check parameters
[0.866s] Level 1:colcon.colcon_core.package_discovery:discover_packages(ignore) check parameters
[0.866s] Level 1:colcon.colcon_core.package_discovery:discover_packages(path) check parameters
[0.866s] Level 1:colcon.colcon_core.package_discovery:discover_packages(colcon_meta) discover
[0.866s] Level 1:colcon.colcon_core.package_discovery:discover_packages(recursive) discover
[0.866s] INFO:colcon.colcon_core.package_discovery:Crawling recursively for packages in '/home/user/modelidar'
[0.866s] Level 1:colcon.colcon_core.package_identification:_identify(.) by extensions ['ignore', 'ignore_ament_install']
[0.866s] Level 1:colcon.colcon_core.package_identification:_identify(.) by extension 'ignore'
[0.866s] Level 1:colcon.colcon_core.package_identification:_identify(.) by extension 'ignore_ament_install'
[0.866s] Level 1:colcon.colcon_core.package_identification:_identify(.) by extensions ['colcon_pkg']
[0.866s] Level 1:colcon.colcon_core.package_identification:_identify(.) by extension 'colcon_pkg'
[0.866s] Level 1:colcon.colcon_core.package_identification:_identify(.) by extensions ['colcon_meta']
[0.866s] Level 1:colcon.colcon_core.package_identification:_identify(.) by extension 'colcon_meta'
[0.866s] Level 1:colcon.colcon_core.package_identification:_identify(.) by extensions ['ros']
[0.866s] Level 1:colcon.colcon_core.package_identification:_identify(.) by extension 'ros'
[0.887s] Level 1:colcon.colcon_core.package_identification:_identify(.) by extensions ['cmake', 'python']
[0.887s] Level 1:colcon.colcon_core.package_identification:_identify(.) by extension 'cmake'
[0.890s] Level 1:colcon.colcon_core.package_identification:_identify(.) by extension 'python'
[0.890s] Level 1:colcon.colcon_core.package_identification:_identify(.) by extensions ['python_setup_py']
[0.890s] Level 1:colcon.colcon_core.package_identification:_identify(.) by extension 'python_setup_py'
[0.890s] Level 1:colcon.colcon_core.package_identification:_identify(build) by extensions ['ignore', 'ignore_ament_install']
[0.890s] Level 1:colcon.colcon_core.package_identification:_identify(build) by extension 'ignore'
[0.890s] Level 1:colcon.colcon_core.package_identification:_identify(build) ignored
[0.890s] Level 1:colcon.colcon_core.package_identification:_identify(install) by extensions ['ignore', 'ignore_ament_install']
[0.890s] Level 1:colcon.colcon_core.package_identification:_identify(install) by extension 'ignore'
[0.890s] Level 1:colcon.colcon_core.package_identification:_identify(install) ignored
[0.891s] Level 1:colcon.colcon_core.package_identification:_identify(log) by extensions ['ignore', 'ignore_ament_install']
[0.891s] Level 1:colcon.colcon_core.package_identification:_identify(log) by extension 'ignore'
[0.891s] Level 1:colcon.colcon_core.package_identification:_identify(log) ignored
[0.891s] Level 1:colcon.colcon_core.package_identification:_identify(src) by extensions ['ignore', 'ignore_ament_install']
[0.891s] Level 1:colcon.colcon_core.package_identification:_identify(src) by extension 'ignore'
[0.891s] Level 1:colcon.colcon_core.package_identification:_identify(src) by extension 'ignore_ament_install'
[0.891s] Level 1:colcon.colcon_core.package_identification:_identify(src) by extensions ['colcon_pkg']
[0.891s] Level 1:colcon.colcon_core.package_identification:_identify(src) by extension 'colcon_pkg'
[0.891s] Level 1:colcon.colcon_core.package_identification:_identify(src) by extensions ['colcon_meta']
[0.891s] Level 1:colcon.colcon_core.package_identification:_identify(src) by extension 'colcon_meta'
[0.891s] Level 1:colcon.colcon_core.package_identification:_identify(src) by extensions ['ros']
[0.891s] Level 1:colcon.colcon_core.package_identification:_identify(src) by extension 'ros'
[0.891s] Level 1:colcon.colcon_core.package_identification:_identify(src) by extensions ['cmake', 'python']
[0.891s] Level 1:colcon.colcon_core.package_identification:_identify(src) by extension 'cmake'
[0.892s] Level 1:colcon.colcon_core.package_identification:_identify(src) by extension 'python'
[0.892s] Level 1:colcon.colcon_core.package_identification:_identify(src) by extensions ['python_setup_py']
[0.892s] Level 1:colcon.colcon_core.package_identification:_identify(src) by extension 'python_setup_py'
[0.892s] Level 1:colcon.colcon_core.package_identification:_identify(src/joy_node) by extensions ['ignore', 'ignore_ament_install']
[0.892s] Level 1:colcon.colcon_core.package_identification:_identify(src/joy_node) by extension 'ignore'
[0.892s] Level 1:colcon.colcon_core.package_identification:_identify(src/joy_node) by extension 'ignore_ament_install'
[0.892s] Level 1:colcon.colcon_core.package_identification:_identify(src/joy_node) by extensions ['colcon_pkg']
[0.892s] Level 1:colcon.colcon_core.package_identification:_identify(src/joy_node) by extension 'colcon_pkg'
[0.892s] Level 1:colcon.colcon_core.package_identification:_identify(src/joy_node) by extensions ['colcon_meta']
[0.892s] Level 1:colcon.colcon_core.package_identification:_identify(src/joy_node) by extension 'colcon_meta'
[0.892s] Level 1:colcon.colcon_core.package_identification:_identify(src/joy_node) by extensions ['ros']
[0.892s] Level 1:colcon.colcon_core.package_identification:_identify(src/joy_node) by extension 'ros'
[0.899s] DEBUG:colcon.colcon_core.package_identification:Package 'src/joy_node' with type 'ros.ament_python' and name 'joy_node'
[0.899s] Level 1:colcon.colcon_core.package_identification:_identify(src/rasberry) by extensions ['ignore', 'ignore_ament_install']
[0.899s] Level 1:colcon.colcon_core.package_identification:_identify(src/rasberry) by extension 'ignore'
[0.899s] Level 1:colcon.colcon_core.package_identification:_identify(src/rasberry) by extension 'ignore_ament_install'
[0.899s] Level 1:colcon.colcon_core.package_identification:_identify(src/rasberry) by extensions ['colcon_pkg']
[0.899s] Level 1:colcon.colcon_core.package_identification:_identify(src/rasberry) by extension 'colcon_pkg'
[0.899s] Level 1:colcon.colcon_core.package_identification:_identify(src/rasberry) by extensions ['colcon_meta']
[0.899s] Level 1:colcon.colcon_core.package_identification:_identify(src/rasberry) by extension 'colcon_meta'
[0.899s] Level 1:colcon.colcon_core.package_identification:_identify(src/rasberry) by extensions ['ros']
[0.899s] Level 1:colcon.colcon_core.package_identification:_identify(src/rasberry) by extension 'ros'
[0.900s] DEBUG:colcon.colcon_core.package_identification:Package 'src/rasberry' with type 'ros.ament_python' and name 'rasberry'
[0.900s] Level 1:colcon.colcon_core.package_identification:_identify(src/road_to_autonomy) by extensions ['ignore', 'ignore_ament_install']
[0.900s] Level 1:colcon.colcon_core.package_identification:_identify(src/road_to_autonomy) by extension 'ignore'
[0.900s] Level 1:colcon.colcon_core.package_identification:_identify(src/road_to_autonomy) by extension 'ignore_ament_install'
[0.900s] Level 1:colcon.colcon_core.package_identification:_identify(src/road_to_autonomy) by extensions ['colcon_pkg']
[0.900s] Level 1:colcon.colcon_core.package_identification:_identify(src/road_to_autonomy) by extension 'colcon_pkg'
[0.901s] Level 1:colcon.colcon_core.package_identification:_identify(src/road_to_autonomy) by extensions ['colcon_meta']
[0.901s] Level 1:colcon.colcon_core.package_identification:_identify(src/road_to_autonomy) by extension 'colcon_meta'
[0.901s] Level 1:colcon.colcon_core.package_identification:_identify(src/road_to_autonomy) by extensions ['ros']
[0.901s] Level 1:colcon.colcon_core.package_identification:_identify(src/road_to_autonomy) by extension 'ros'
[0.901s] DEBUG:colcon.colcon_core.package_identification:Package 'src/road_to_autonomy' with type 'ros.ament_python' and name 'road_to_autonomy'
[0.901s] Level 1:colcon.colcon_core.package_discovery:discover_packages(recursive) using defaults
[0.901s] Level 1:colcon.colcon_core.package_discovery:discover_packages(ignore) discover
[0.901s] Level 1:colcon.colcon_core.package_discovery:discover_packages(ignore) using defaults
[0.901s] Level 1:colcon.colcon_core.package_discovery:discover_packages(path) discover
[0.902s] Level 1:colcon.colcon_core.package_discovery:discover_packages(path) using defaults
[0.972s] Level 1:colcon.colcon_core.package_discovery:discover_packages(prefix_path) check parameters
[0.972s] Level 1:colcon.colcon_core.package_discovery:discover_packages(prefix_path) discover
[0.981s] DEBUG:colcon.colcon_installed_package_information.package_discovery:Found 380 installed packages in /opt/ros/humble
[0.983s] Level 1:colcon.colcon_core.package_discovery:discover_packages(prefix_path) using defaults
[1.129s] Level 5:colcon.colcon_core.verb:set package 'joy_node' build argument 'cmake_args' from command line to 'None'
[1.129s] Level 5:colcon.colcon_core.verb:set package 'joy_node' build argument 'cmake_target' from command line to 'None'
[1.129s] Level 5:colcon.colcon_core.verb:set package 'joy_node' build argument 'cmake_target_skip_unavailable' from command line to 'False'
[1.129s] Level 5:colcon.colcon_core.verb:set package 'joy_node' build argument 'cmake_clean_cache' from command line to 'False'
[1.129s] Level 5:colcon.colcon_core.verb:set package 'joy_node' build argument 'cmake_clean_first' from command line to 'False'
[1.129s] Level 5:colcon.colcon_core.verb:set package 'joy_node' build argument 'cmake_force_configure' from command line to 'False'
[1.129s] Level 5:colcon.colcon_core.verb:set package 'joy_node' build argument 'ament_cmake_args' from command line to 'None'
[1.129s] Level 5:colcon.colcon_core.verb:set package 'joy_node' build argument 'catkin_cmake_args' from command line to 'None'
[1.129s] Level 5:colcon.colcon_core.verb:set package 'joy_node' build argument 'catkin_skip_building_tests' from command line to 'False'
[1.130s] DEBUG:colcon.colcon_core.verb:Building package 'joy_node' with the following arguments: {'ament_cmake_args': None, 'build_base': '/home/user/modelidar/build/joy_node', 'catkin_cmake_args': None, 'catkin_skip_building_tests': False, 'cmake_args': None, 'cmake_clean_cache': False, 'cmake_clean_first': False, 'cmake_force_configure': False, 'cmake_target': None, 'cmake_target_skip_unavailable': False, 'install_base': '/home/user/modelidar/install/joy_node', 'merge_install': False, 'path': '/home/user/modelidar/src/joy_node', 'symlink_install': False, 'test_result_base': None}
[1.130s] Level 5:colcon.colcon_core.verb:set package 'rasberry' build argument 'cmake_args' from command line to 'None'
[1.131s] Level 5:colcon.colcon_core.verb:set package 'rasberry' build argument 'cmake_target' from command line to 'None'
[1.131s] Level 5:colcon.colcon_core.verb:set package 'rasberry' build argument 'cmake_target_skip_unavailable' from command line to 'False'
[1.131s] Level 5:colcon.colcon_core.verb:set package 'rasberry' build argument 'cmake_clean_cache' from command line to 'False'
[1.131s] Level 5:colcon.colcon_core.verb:set package 'rasberry' build argument 'cmake_clean_first' from command line to 'False'
[1.131s] Level 5:colcon.colcon_core.verb:set package 'rasberry' build argument 'cmake_force_configure' from command line to 'False'
[1.131s] Level 5:colcon.colcon_core.verb:set package 'rasberry' build argument 'ament_cmake_args' from command line to 'None'
[1.131s] Level 5:colcon.colcon_core.verb:set package 'rasberry' build argument 'catkin_cmake_args' from command line to 'None'
[1.131s] Level 5:colcon.colcon_core.verb:set package 'rasberry' build argument 'catkin_skip_building_tests' from command line to 'False'
[1.131s] DEBUG:colcon.colcon_core.verb:Building package 'rasberry' with the following arguments: {'ament_cmake_args': None, 'build_base': '/home/user/modelidar/build/rasberry', 'catkin_cmake_args': None, 'catkin_skip_building_tests': False, 'cmake_args': None, 'cmake_clean_cache': False, 'cmake_clean_first': False, 'cmake_force_configure': False, 'cmake_target': None, 'cmake_target_skip_unavailable': False, 'install_base': '/home/user/modelidar/install/rasberry', 'merge_install': False, 'path': '/home/user/modelidar/src/rasberry', 'symlink_install': False, 'test_result_base': None}
[1.132s] Level 5:colcon.colcon_core.verb:set package 'road_to_autonomy' build argument 'cmake_args' from command line to 'None'
[1.132s] Level 5:colcon.colcon_core.verb:set package 'road_to_autonomy' build argument 'cmake_target' from command line to 'None'
[1.132s] Level 5:colcon.colcon_core.verb:set package 'road_to_autonomy' build argument 'cmake_target_skip_unavailable' from command line to 'False'
[1.132s] Level 5:colcon.colcon_core.verb:set package 'road_to_autonomy' build argument 'cmake_clean_cache' from command line to 'False'
[1.132s] Level 5:colcon.colcon_core.verb:set package 'road_to_autonomy' build argument 'cmake_clean_first' from command line to 'False'
[1.133s] Level 5:colcon.colcon_core.verb:set package 'road_to_autonomy' build argument 'cmake_force_configure' from command line to 'False'
[1.133s] Level 5:colcon.colcon_core.verb:set package 'road_to_autonomy' build argument 'ament_cmake_args' from command line to 'None'
[1.133s] Level 5:colcon.colcon_core.verb:set package 'road_to_autonomy' build argument 'catkin_cmake_args' from command line to 'None'
[1.133s] Level 5:colcon.colcon_core.verb:set package 'road_to_autonomy' build argument 'catkin_skip_building_tests' from command line to 'False'
[1.133s] DEBUG:colcon.colcon_core.verb:Building package 'road_to_autonomy' with the following arguments: {'ament_cmake_args': None, 'build_base': '/home/user/modelidar/build/road_to_autonomy', 'catkin_cmake_args': None, 'catkin_skip_building_tests': False, 'cmake_args': None, 'cmake_clean_cache': False, 'cmake_clean_first': False, 'cmake_force_configure': False, 'cmake_target': None, 'cmake_target_skip_unavailable': False, 'install_base': '/home/user/modelidar/install/road_to_autonomy', 'merge_install': False, 'path': '/home/user/modelidar/src/road_to_autonomy', 'symlink_install': False, 'test_result_base': None}
[1.134s] INFO:colcon.colcon_core.executor:Executing jobs using 'parallel' executor
[1.136s] DEBUG:colcon.colcon_parallel_executor.executor.parallel:run_until_complete
[1.137s] INFO:colcon.colcon_ros.task.ament_python.build:Building ROS package in '/home/user/modelidar/src/joy_node' with build type 'ament_python'
[1.137s] Level 1:colcon.colcon_core.shell:create_environment_hook('joy_node', 'ament_prefix_path')
[1.148s] INFO:colcon.colcon_core.plugin_system:Skipping extension 'colcon_core.shell.bat': Not used on non-Windows systems
[1.149s] INFO:colcon.colcon_core.shell:Creating environment hook '/home/user/modelidar/install/joy_node/share/joy_node/hook/ament_prefix_path.ps1'
[1.156s] INFO:colcon.colcon_core.shell:Creating environment descriptor '/home/user/modelidar/install/joy_node/share/joy_node/hook/ament_prefix_path.dsv'
[1.157s] INFO:colcon.colcon_core.shell:Creating environment hook '/home/user/modelidar/install/joy_node/share/joy_node/hook/ament_prefix_path.sh'
[1.161s] INFO:colcon.colcon_core.shell:Skip shell extension 'powershell' for command environment: Not usable outside of PowerShell
[1.161s] DEBUG:colcon.colcon_core.shell:Skip shell extension 'dsv' for command environment
[1.173s] INFO:colcon.colcon_ros.task.ament_python.build:Building ROS package in '/home/user/modelidar/src/rasberry' with build type 'ament_python'
[1.174s] Level 1:colcon.colcon_core.shell:create_environment_hook('rasberry', 'ament_prefix_path')
[1.175s] INFO:colcon.colcon_core.shell:Creating environment hook '/home/user/modelidar/install/rasberry/share/rasberry/hook/ament_prefix_path.ps1'
[1.182s] INFO:colcon.colcon_core.shell:Creating environment descriptor '/home/user/modelidar/install/rasberry/share/rasberry/hook/ament_prefix_path.dsv'
[1.184s] INFO:colcon.colcon_core.shell:Creating environment hook '/home/user/modelidar/install/rasberry/share/rasberry/hook/ament_prefix_path.sh'
[1.186s] INFO:colcon.colcon_core.shell:Skip shell extension 'powershell' for command environment: Not usable outside of PowerShell
[1.186s] DEBUG:colcon.colcon_core.shell:Skip shell extension 'dsv' for command environment
[1.501s] INFO:colcon.colcon_core.task.python.build:Building Python package in '/home/user/modelidar/src/joy_node'
[1.503s] INFO:colcon.colcon_core.shell:Skip shell extension 'powershell' for command environment: Not usable outside of PowerShell
[1.503s] DEBUG:colcon.colcon_core.shell:Skip shell extension 'dsv' for command environment
[1.787s] INFO:colcon.colcon_core.task.python.build:Building Python package in '/home/user/modelidar/src/rasberry'
[1.789s] INFO:colcon.colcon_core.shell:Skip shell extension 'powershell' for command environment: Not usable outside of PowerShell
[1.789s] DEBUG:colcon.colcon_core.shell:Skip shell extension 'dsv' for command environment
[2.618s] DEBUG:colcon.colcon_core.event_handler.log_command:Invoking command in '/home/user/modelidar/src/rasberry': PYTHONPATH=/home/user/modelidar/build/rasberry/prefix_override:/home/user/modelidar/install/rasberry/lib/python3.10/site-packages:${PYTHONPATH} /usr/bin/python3 setup.py egg_info --egg-base ../../build/rasberry build --build-base /home/user/modelidar/build/rasberry/build install --record /home/user/modelidar/build/rasberry/install.log --single-version-externally-managed
[2.622s] DEBUG:colcon.colcon_core.event_handler.log_command:Invoking command in '/home/user/modelidar/src/joy_node': PYTHONPATH=/home/user/modelidar/build/joy_node/prefix_override:/home/user/modelidar/install/joy_node/lib/python3.10/site-packages:${PYTHONPATH} /usr/bin/python3 setup.py egg_info --egg-base ../../build/joy_node build --build-base /home/user/modelidar/build/joy_node/build install --record /home/user/modelidar/build/joy_node/install.log --single-version-externally-managed
[2.995s] DEBUG:colcon.colcon_core.event_handler.log_command:Invoked command in '/home/user/modelidar/src/joy_node' returned '0': PYTHONPATH=/home/user/modelidar/build/joy_node/prefix_override:/home/user/modelidar/install/joy_node/lib/python3.10/site-packages:${PYTHONPATH} /usr/bin/python3 setup.py egg_info --egg-base ../../build/joy_node build --build-base /home/user/modelidar/build/joy_node/build install --record /home/user/modelidar/build/joy_node/install.log --single-version-externally-managed
[3.005s] Level 1:colcon.colcon_core.environment:checking '/home/user/modelidar/install/joy_node' for CMake module files
[3.006s] Level 1:colcon.colcon_core.environment:checking '/home/user/modelidar/install/joy_node' for CMake config files
[3.007s] Level 1:colcon.colcon_core.environment:checking '/home/user/modelidar/install/joy_node/lib'
[3.007s] Level 1:colcon.colcon_core.environment:checking '/home/user/modelidar/install/joy_node/bin'
[3.007s] Level 1:colcon.colcon_core.environment:checking '/home/user/modelidar/install/joy_node/lib/pkgconfig/joy_node.pc'
[3.007s] Level 1:colcon.colcon_core.environment:checking '/home/user/modelidar/install/joy_node/lib/python3.10/site-packages'
[3.007s] Level 1:colcon.colcon_core.shell:create_environment_hook('joy_node', 'pythonpath')
[3.009s] INFO:colcon.colcon_core.shell:Creating environment hook '/home/user/modelidar/install/joy_node/share/joy_node/hook/pythonpath.ps1'
[3.010s] INFO:colcon.colcon_core.shell:Creating environment descriptor '/home/user/modelidar/install/joy_node/share/joy_node/hook/pythonpath.dsv'
[3.010s] INFO:colcon.colcon_core.shell:Creating environment hook '/home/user/modelidar/install/joy_node/share/joy_node/hook/pythonpath.sh'
[3.011s] Level 1:colcon.colcon_core.environment:checking '/home/user/modelidar/install/joy_node/bin'
[3.011s] Level 1:colcon.colcon_core.environment:create_environment_scripts_only(joy_node)
[3.013s] INFO:colcon.colcon_core.shell:Creating package script '/home/user/modelidar/install/joy_node/share/joy_node/package.ps1'
[3.014s] INFO:colcon.colcon_core.shell:Creating package descriptor '/home/user/modelidar/install/joy_node/share/joy_node/package.dsv'
[3.018s] INFO:colcon.colcon_core.shell:Creating package script '/home/user/modelidar/install/joy_node/share/joy_node/package.sh'
[3.019s] INFO:colcon.colcon_core.shell:Creating package script '/home/user/modelidar/install/joy_node/share/joy_node/package.bash'
[3.022s] INFO:colcon.colcon_core.shell:Creating package script '/home/user/modelidar/install/joy_node/share/joy_node/package.zsh'
[3.024s] Level 1:colcon.colcon_core.environment:create_file_with_runtime_dependencies(/home/user/modelidar/install/joy_node/share/colcon-core/packages/joy_node)
[3.024s] INFO:colcon.colcon_ros.task.ament_python.build:Building ROS package in '/home/user/modelidar/src/road_to_autonomy' with build type 'ament_python'
[3.025s] Level 1:colcon.colcon_core.shell:create_environment_hook('road_to_autonomy', 'ament_prefix_path')
[3.027s] INFO:colcon.colcon_core.shell:Creating environment hook '/home/user/modelidar/install/road_to_autonomy/share/road_to_autonomy/hook/ament_prefix_path.ps1'
[3.030s] INFO:colcon.colcon_core.shell:Creating environment descriptor '/home/user/modelidar/install/road_to_autonomy/share/road_to_autonomy/hook/ament_prefix_path.dsv'
[3.030s] INFO:colcon.colcon_core.shell:Creating environment hook '/home/user/modelidar/install/road_to_autonomy/share/road_to_autonomy/hook/ament_prefix_path.sh'
[3.032s] INFO:colcon.colcon_core.shell:Skip shell extension 'powershell' for command environment: Not usable outside of PowerShell
[3.032s] DEBUG:colcon.colcon_core.shell:Skip shell extension 'dsv' for command environment
[3.040s] Level 1:colcon.colcon_core.environment:checking '/home/user/modelidar/install/rasberry' for CMake module files
[3.045s] DEBUG:colcon.colcon_core.event_handler.log_command:Invoked command in '/home/user/modelidar/src/rasberry' returned '0': PYTHONPATH=/home/user/modelidar/build/rasberry/prefix_override:/home/user/modelidar/install/rasberry/lib/python3.10/site-packages:${PYTHONPATH} /usr/bin/python3 setup.py egg_info --egg-base ../../build/rasberry build --build-base /home/user/modelidar/build/rasberry/build install --record /home/user/modelidar/build/rasberry/install.log --single-version-externally-managed
[3.046s] Level 1:colcon.colcon_core.environment:checking '/home/user/modelidar/install/rasberry' for CMake config files
[3.047s] Level 1:colcon.colcon_core.environment:checking '/home/user/modelidar/install/rasberry/lib'
[3.047s] Level 1:colcon.colcon_core.environment:checking '/home/user/modelidar/install/rasberry/bin'
[3.048s] Level 1:colcon.colcon_core.environment:checking '/home/user/modelidar/install/rasberry/lib/pkgconfig/rasberry.pc'
[3.048s] Level 1:colcon.colcon_core.environment:checking '/home/user/modelidar/install/rasberry/lib/python3.10/site-packages'
[3.048s] Level 1:colcon.colcon_core.shell:create_environment_hook('rasberry', 'pythonpath')
[3.051s] INFO:colcon.colcon_core.shell:Creating environment hook '/home/user/modelidar/install/rasberry/share/rasberry/hook/pythonpath.ps1'
[3.051s] INFO:colcon.colcon_core.shell:Creating environment descriptor '/home/user/modelidar/install/rasberry/share/rasberry/hook/pythonpath.dsv'
[3.052s] INFO:colcon.colcon_core.shell:Creating environment hook '/home/user/modelidar/install/rasberry/share/rasberry/hook/pythonpath.sh'
[3.053s] Level 1:colcon.colcon_core.environment:checking '/home/user/modelidar/install/rasberry/bin'
[3.053s] Level 1:colcon.colcon_core.environment:create_environment_scripts_only(rasberry)
[3.054s] INFO:colcon.colcon_core.shell:Creating package script '/home/user/modelidar/install/rasberry/share/rasberry/package.ps1'
[3.056s] INFO:colcon.colcon_core.shell:Creating package descriptor '/home/user/modelidar/install/rasberry/share/rasberry/package.dsv'
[3.057s] INFO:colcon.colcon_core.shell:Creating package script '/home/user/modelidar/install/rasberry/share/rasberry/package.sh'
[3.058s] INFO:colcon.colcon_core.shell:Creating package script '/home/user/modelidar/install/rasberry/share/rasberry/package.bash'
[3.058s] INFO:colcon.colcon_core.shell:Creating package script '/home/user/modelidar/install/rasberry/share/rasberry/package.zsh'
[3.058s] Level 1:colcon.colcon_core.environment:create_file_with_runtime_dependencies(/home/user/modelidar/install/rasberry/share/colcon-core/packages/rasberry)
[3.367s] INFO:colcon.colcon_core.task.python.build:Building Python package in '/home/user/modelidar/src/road_to_autonomy'
[3.369s] INFO:colcon.colcon_core.shell:Skip shell extension 'powershell' for command environment: Not usable outside of PowerShell
[3.369s] DEBUG:colcon.colcon_core.shell:Skip shell extension 'dsv' for command environment
[3.779s] DEBUG:colcon.colcon_core.event_handler.log_command:Invoking command in '/home/user/modelidar/src/road_to_autonomy': PYTHONPATH=/home/user/modelidar/build/road_to_autonomy/prefix_override:/home/user/modelidar/install/road_to_autonomy/lib/python3.10/site-packages:${PYTHONPATH} /usr/bin/python3 setup.py egg_info --egg-base ../../build/road_to_autonomy build --build-base /home/user/modelidar/build/road_to_autonomy/build install --record /home/user/modelidar/build/road_to_autonomy/install.log --single-version-externally-managed
[4.146s] Level 1:colcon.colcon_core.environment:checking '/home/user/modelidar/install/road_to_autonomy' for CMake module files
[4.147s] DEBUG:colcon.colcon_core.event_handler.log_command:Invoked command in '/home/user/modelidar/src/road_to_autonomy' returned '0': PYTHONPATH=/home/user/modelidar/build/road_to_autonomy/prefix_override:/home/user/modelidar/install/road_to_autonomy/lib/python3.10/site-packages:${PYTHONPATH} /usr/bin/python3 setup.py egg_info --egg-base ../../build/road_to_autonomy build --build-base /home/user/modelidar/build/road_to_autonomy/build install --record /home/user/modelidar/build/road_to_autonomy/install.log --single-version-externally-managed
[4.147s] Level 1:colcon.colcon_core.environment:checking '/home/user/modelidar/install/road_to_autonomy' for CMake config files
[4.149s] Level 1:colcon.colcon_core.environment:checking '/home/user/modelidar/install/road_to_autonomy/lib'
[4.149s] Level 1:colcon.colcon_core.environment:checking '/home/user/modelidar/install/road_to_autonomy/bin'
[4.149s] Level 1:colcon.colcon_core.environment:checking '/home/user/modelidar/install/road_to_autonomy/lib/pkgconfig/road_to_autonomy.pc'
[4.149s] Level 1:colcon.colcon_core.environment:checking '/home/user/modelidar/install/road_to_autonomy/lib/python3.10/site-packages'
[4.149s] Level 1:colcon.colcon_core.shell:create_environment_hook('road_to_autonomy', 'pythonpath')
[4.150s] INFO:colcon.colcon_core.shell:Creating environment hook '/home/user/modelidar/install/road_to_autonomy/share/road_to_autonomy/hook/pythonpath.ps1'
[4.151s] INFO:colcon.colcon_core.shell:Creating environment descriptor '/home/user/modelidar/install/road_to_autonomy/share/road_to_autonomy/hook/pythonpath.dsv'
[4.151s] INFO:colcon.colcon_core.shell:Creating environment hook '/home/user/modelidar/install/road_to_autonomy/share/road_to_autonomy/hook/pythonpath.sh'
[4.152s] Level 1:colcon.colcon_core.environment:checking '/home/user/modelidar/install/road_to_autonomy/bin'
[4.152s] Level 1:colcon.colcon_core.environment:create_environment_scripts_only(road_to_autonomy)
[4.153s] INFO:colcon.colcon_core.shell:Creating package script '/home/user/modelidar/install/road_to_autonomy/share/road_to_autonomy/package.ps1'
[4.154s] INFO:colcon.colcon_core.shell:Creating package descriptor '/home/user/modelidar/install/road_to_autonomy/share/road_to_autonomy/package.dsv'
[4.154s] INFO:colcon.colcon_core.shell:Creating package script '/home/user/modelidar/install/road_to_autonomy/share/road_to_autonomy/package.sh'
[4.154s] INFO:colcon.colcon_core.shell:Creating package script '/home/user/modelidar/install/road_to_autonomy/share/road_to_autonomy/package.bash'
[4.155s] INFO:colcon.colcon_core.shell:Creating package script '/home/user/modelidar/install/road_to_autonomy/share/road_to_autonomy/package.zsh'
[4.156s] Level 1:colcon.colcon_core.environment:create_file_with_runtime_dependencies(/home/user/modelidar/install/road_to_autonomy/share/colcon-core/packages/road_to_autonomy)
[4.156s] DEBUG:colcon.colcon_parallel_executor.executor.parallel:closing loop
[4.156s] DEBUG:colcon.colcon_parallel_executor.executor.parallel:loop closed
[4.156s] DEBUG:colcon.colcon_parallel_executor.executor.parallel:run_until_complete finished with '0'
[4.156s] DEBUG:colcon.colcon_core.event_reactor:joining thread
[4.211s] INFO:colcon.colcon_core.plugin_system:Skipping extension 'colcon_notification.desktop_notification.terminal_notifier': Not used on non-Darwin systems
[4.211s] INFO:colcon.colcon_core.plugin_system:Skipping extension 'colcon_notification.desktop_notification.win32': Not used on non-Windows systems
[4.212s] INFO:colcon.colcon_notification.desktop_notification:Sending desktop notification using 'notify2'
[4.383s] DEBUG:colcon.colcon_core.event_reactor:joined thread
[4.386s] INFO:colcon.colcon_core.shell:Creating prefix script '/home/user/modelidar/install/local_setup.ps1'
[4.389s] INFO:colcon.colcon_core.shell:Creating prefix util module '/home/user/modelidar/install/_local_setup_util_ps1.py'
[4.391s] INFO:colcon.colcon_core.shell:Creating prefix chain script '/home/user/modelidar/install/setup.ps1'
[4.393s] INFO:colcon.colcon_core.shell:Creating prefix script '/home/user/modelidar/install/local_setup.sh'
[4.394s] INFO:colcon.colcon_core.shell:Creating prefix util module '/home/user/modelidar/install/_local_setup_util_sh.py'
[4.395s] INFO:colcon.colcon_core.shell:Creating prefix chain script '/home/user/modelidar/install/setup.sh'
[4.397s] INFO:colcon.colcon_core.shell:Creating prefix script '/home/user/modelidar/install/local_setup.bash'
[4.401s] INFO:colcon.colcon_core.shell:Creating prefix chain script '/home/user/modelidar/install/setup.bash'
[4.403s] INFO:colcon.colcon_core.shell:Creating prefix script '/home/user/modelidar/install/local_setup.zsh'
[4.405s] INFO:colcon.colcon_core.shell:Creating prefix chain script '/home/user/modelidar/install/setup.zsh'
