running egg_info
creating ../../build/road_to_autonomy/road_to_autonomy.egg-info
writing ../../build/road_to_autonomy/road_to_autonomy.egg-info/PKG-INFO
writing dependency_links to ../../build/road_to_autonomy/road_to_autonomy.egg-info/dependency_links.txt
writing entry points to ../../build/road_to_autonomy/road_to_autonomy.egg-info/entry_points.txt
writing requirements to ../../build/road_to_autonomy/road_to_autonomy.egg-info/requires.txt
writing top-level names to ../../build/road_to_autonomy/road_to_autonomy.egg-info/top_level.txt
writing manifest file '../../build/road_to_autonomy/road_to_autonomy.egg-info/SOURCES.txt'
reading manifest file '../../build/road_to_autonomy/road_to_autonomy.egg-info/SOURCES.txt'
writing manifest file '../../build/road_to_autonomy/road_to_autonomy.egg-info/SOURCES.txt'
running build
running build_py
creating /home/user/modelidar/build/road_to_autonomy/build
creating /home/user/modelidar/build/road_to_autonomy/build/lib
creating /home/user/modelidar/build/road_to_autonomy/build/lib/road_to_autonomy
copying road_to_autonomy/computer_node.py -> /home/user/modelidar/build/road_to_autonomy/build/lib/road_to_autonomy
copying road_to_autonomy/__init__.py -> /home/user/modelidar/build/road_to_autonomy/build/lib/road_to_autonomy
running install
running install_lib
creating /home/user/modelidar/install/road_to_autonomy/lib/python3.10/site-packages/road_to_autonomy
copying /home/user/modelidar/build/road_to_autonomy/build/lib/road_to_autonomy/computer_node.py -> /home/user/modelidar/install/road_to_autonomy/lib/python3.10/site-packages/road_to_autonomy
copying /home/user/modelidar/build/road_to_autonomy/build/lib/road_to_autonomy/__init__.py -> /home/user/modelidar/install/road_to_autonomy/lib/python3.10/site-packages/road_to_autonomy
byte-compiling /home/user/modelidar/install/road_to_autonomy/lib/python3.10/site-packages/road_to_autonomy/computer_node.py to computer_node.cpython-310.pyc
byte-compiling /home/user/modelidar/install/road_to_autonomy/lib/python3.10/site-packages/road_to_autonomy/__init__.py to __init__.cpython-310.pyc
running install_data
creating /home/user/modelidar/install/road_to_autonomy/share/ament_index
creating /home/user/modelidar/install/road_to_autonomy/share/ament_index/resource_index
creating /home/user/modelidar/install/road_to_autonomy/share/ament_index/resource_index/packages
copying resource/road_to_autonomy -> /home/user/modelidar/install/road_to_autonomy/share/ament_index/resource_index/packages
copying package.xml -> /home/user/modelidar/install/road_to_autonomy/share/road_to_autonomy
running install_egg_info
Copying ../../build/road_to_autonomy/road_to_autonomy.egg-info to /home/user/modelidar/install/road_to_autonomy/lib/python3.10/site-packages/road_to_autonomy-0.0.0-py3.10.egg-info
running install_scripts
writing list of installed files to '/home/user/modelidar/build/road_to_autonomy/install.log'
