[1.485s] Invoking command in '/home/user/modelidar/src/joy_node': PYTHONPATH=/home/user/modelidar/build/joy_node/prefix_override:/home/user/modelidar/install/joy_node/lib/python3.10/site-packages:${PYTHONPATH} /usr/bin/python3 setup.py egg_info --egg-base ../../build/joy_node build --build-base /home/user/modelidar/build/joy_node/build install --record /home/user/modelidar/build/joy_node/install.log --single-version-externally-managed
[1.773s] running egg_info
[1.773s] writing ../../build/joy_node/joy_node.egg-info/PKG-INFO
[1.776s] writing dependency_links to ../../build/joy_node/joy_node.egg-info/dependency_links.txt
[1.776s] writing entry points to ../../build/joy_node/joy_node.egg-info/entry_points.txt
[1.777s] writing requirements to ../../build/joy_node/joy_node.egg-info/requires.txt
[1.777s] writing top-level names to ../../build/joy_node/joy_node.egg-info/top_level.txt
[1.781s] reading manifest file '../../build/joy_node/joy_node.egg-info/SOURCES.txt'
[1.782s] writing manifest file '../../build/joy_node/joy_node.egg-info/SOURCES.txt'
[1.783s] running build
[1.783s] running build_py
[1.784s] running install
[1.784s] running install_lib
[1.787s] running install_data
[1.789s] running install_egg_info
[1.791s] removing '/home/user/modelidar/install/joy_node/lib/python3.10/site-packages/joy_node-0.0.0-py3.10.egg-info' (and everything under it)
[1.796s] Copying ../../build/joy_node/joy_node.egg-info to /home/user/modelidar/install/joy_node/lib/python3.10/site-packages/joy_node-0.0.0-py3.10.egg-info
[1.800s] running install_scripts
[1.821s] writing list of installed files to '/home/user/modelidar/build/joy_node/install.log'
[1.857s] Invoked command in '/home/user/modelidar/src/joy_node' returned '0': PYTHONPATH=/home/user/modelidar/build/joy_node/prefix_override:/home/user/modelidar/install/joy_node/lib/python3.10/site-packages:${PYTHONPATH} /usr/bin/python3 setup.py egg_info --egg-base ../../build/joy_node build --build-base /home/user/modelidar/build/joy_node/build install --record /home/user/modelidar/build/joy_node/install.log --single-version-externally-managed
