running egg_info
writing ../../build/rasberry/rasberry.egg-info/PKG-INFO
writing dependency_links to ../../build/rasberry/rasberry.egg-info/dependency_links.txt
writing entry points to ../../build/rasberry/rasberry.egg-info/entry_points.txt
writing requirements to ../../build/rasberry/rasberry.egg-info/requires.txt
writing top-level names to ../../build/rasberry/rasberry.egg-info/top_level.txt
reading manifest file '../../build/rasberry/rasberry.egg-info/SOURCES.txt'
writing manifest file '../../build/rasberry/rasberry.egg-info/SOURCES.txt'
running build
running build_py
copying rasberry/rasberry.py -> /home/user/modelidar/build/rasberry/build/lib/rasberry
running install
running install_lib
copying /home/user/modelidar/build/rasberry/build/lib/rasberry/rasberry.py -> /home/user/modelidar/install/rasberry/lib/python3.10/site-packages/rasberry
byte-compiling /home/user/modelidar/install/rasberry/lib/python3.10/site-packages/rasberry/rasberry.py to rasberry.cpython-310.pyc
running install_data
running install_egg_info
removing '/home/user/modelidar/install/rasberry/lib/python3.10/site-packages/rasberry-0.0.0-py3.10.egg-info' (and everything under it)
Copying ../../build/rasberry/rasberry.egg-info to /home/user/modelidar/install/rasberry/lib/python3.10/site-packages/rasberry-0.0.0-py3.10.egg-info
running install_scripts
writing list of installed files to '/home/user/modelidar/build/rasberry/install.log'
