running egg_info
creating ../../build/joy_node/joy_node.egg-info
writing ../../build/joy_node/joy_node.egg-info/PKG-INFO
writing dependency_links to ../../build/joy_node/joy_node.egg-info/dependency_links.txt
writing entry points to ../../build/joy_node/joy_node.egg-info/entry_points.txt
writing requirements to ../../build/joy_node/joy_node.egg-info/requires.txt
writing top-level names to ../../build/joy_node/joy_node.egg-info/top_level.txt
writing manifest file '../../build/joy_node/joy_node.egg-info/SOURCES.txt'
reading manifest file '../../build/joy_node/joy_node.egg-info/SOURCES.txt'
writing manifest file '../../build/joy_node/joy_node.egg-info/SOURCES.txt'
running build
running build_py
creating /home/user/modelidar/build/joy_node/build
creating /home/user/modelidar/build/joy_node/build/lib
creating /home/user/modelidar/build/joy_node/build/lib/joy_node
copying joy_node/__init__.py -> /home/user/modelidar/build/joy_node/build/lib/joy_node
running install
running install_lib
creating /home/user/modelidar/install/joy_node/lib/python3.10/site-packages/joy_node
copying /home/user/modelidar/build/joy_node/build/lib/joy_node/__init__.py -> /home/user/modelidar/install/joy_node/lib/python3.10/site-packages/joy_node
byte-compiling /home/user/modelidar/install/joy_node/lib/python3.10/site-packages/joy_node/__init__.py to __init__.cpython-310.pyc
running install_data
creating /home/user/modelidar/install/joy_node/share/ament_index
creating /home/user/modelidar/install/joy_node/share/ament_index/resource_index
creating /home/user/modelidar/install/joy_node/share/ament_index/resource_index/packages
copying resource/joy_node -> /home/user/modelidar/install/joy_node/share/ament_index/resource_index/packages
copying package.xml -> /home/user/modelidar/install/joy_node/share/joy_node
running install_egg_info
Copying ../../build/joy_node/joy_node.egg-info to /home/user/modelidar/install/joy_node/lib/python3.10/site-packages/joy_node-0.0.0-py3.10.egg-info
running install_scripts
writing list of installed files to '/home/user/modelidar/build/joy_node/install.log'
