[1.228s] Invoking command in '/home/user/modelidar/src/joy_node': PYTHONPATH=/home/user/modelidar/build/joy_node/prefix_override:/home/user/modelidar/install/joy_node/lib/python3.10/site-packages:${PYTHONPATH} /usr/bin/python3 setup.py egg_info --egg-base ../../build/joy_node build --build-base /home/user/modelidar/build/joy_node/build install --record /home/user/modelidar/build/joy_node/install.log --single-version-externally-managed
[1.490s] running egg_info
[1.490s] creating ../../build/joy_node/joy_node.egg-info
[1.491s] writing ../../build/joy_node/joy_node.egg-info/PKG-INFO
[1.492s] writing dependency_links to ../../build/joy_node/joy_node.egg-info/dependency_links.txt
[1.492s] writing entry points to ../../build/joy_node/joy_node.egg-info/entry_points.txt
[1.492s] writing requirements to ../../build/joy_node/joy_node.egg-info/requires.txt
[1.492s] writing top-level names to ../../build/joy_node/joy_node.egg-info/top_level.txt
[1.493s] writing manifest file '../../build/joy_node/joy_node.egg-info/SOURCES.txt'
[1.494s] reading manifest file '../../build/joy_node/joy_node.egg-info/SOURCES.txt'
[1.495s] writing manifest file '../../build/joy_node/joy_node.egg-info/SOURCES.txt'
[1.495s] running build
[1.495s] running build_py
[1.496s] creating /home/user/modelidar/build/joy_node/build
[1.496s] creating /home/user/modelidar/build/joy_node/build/lib
[1.496s] creating /home/user/modelidar/build/joy_node/build/lib/joy_node
[1.496s] copying joy_node/__init__.py -> /home/user/modelidar/build/joy_node/build/lib/joy_node
[1.497s] running install
[1.497s] running install_lib
[1.498s] creating /home/user/modelidar/install/joy_node/lib/python3.10/site-packages/joy_node
[1.498s] copying /home/user/modelidar/build/joy_node/build/lib/joy_node/__init__.py -> /home/user/modelidar/install/joy_node/lib/python3.10/site-packages/joy_node
[1.499s] byte-compiling /home/user/modelidar/install/joy_node/lib/python3.10/site-packages/joy_node/__init__.py to __init__.cpython-310.pyc
[1.499s] running install_data
[1.499s] creating /home/user/modelidar/install/joy_node/share/ament_index
[1.500s] creating /home/user/modelidar/install/joy_node/share/ament_index/resource_index
[1.500s] creating /home/user/modelidar/install/joy_node/share/ament_index/resource_index/packages
[1.500s] copying resource/joy_node -> /home/user/modelidar/install/joy_node/share/ament_index/resource_index/packages
[1.501s] copying package.xml -> /home/user/modelidar/install/joy_node/share/joy_node
[1.501s] running install_egg_info
[1.504s] Copying ../../build/joy_node/joy_node.egg-info to /home/user/modelidar/install/joy_node/lib/python3.10/site-packages/joy_node-0.0.0-py3.10.egg-info
[1.505s] running install_scripts
[1.532s] writing list of installed files to '/home/user/modelidar/build/joy_node/install.log'
[1.567s] Invoked command in '/home/user/modelidar/src/joy_node' returned '0': PYTHONPATH=/home/user/modelidar/build/joy_node/prefix_override:/home/user/modelidar/install/joy_node/lib/python3.10/site-packages:${PYTHONPATH} /usr/bin/python3 setup.py egg_info --egg-base ../../build/joy_node build --build-base /home/user/modelidar/build/joy_node/build install --record /home/user/modelidar/build/joy_node/install.log --single-version-externally-managed
