[0.412s] DEBUG:colcon:Command line arguments: ['/usr/bin/colcon', 'build']
[0.412s] DEBUG:colcon:Parsed command line arguments: Namespace(log_base=None, log_level=None, verb_name='build', build_base='build', install_base='install', merge_install=False, symlink_install=False, test_result_base=None, continue_on_error=False, executor='parallel', parallel_workers=2, event_handlers=None, ignore_user_meta=False, metas=['./colcon.meta'], base_paths=['.'], packages_ignore=None, packages_ignore_regex=None, paths=None, packages_up_to=None, packages_up_to_regex=None, packages_above=None, packages_above_and_dependencies=None, packages_above_depth=None, packages_select_by_dep=None, packages_skip_by_dep=None, packages_skip_up_to=None, packages_select_build_failed=False, packages_skip_build_finished=False, packages_select_test_failures=False, packages_skip_test_passed=False, packages_select=None, packages_skip=None, packages_select_regex=None, packages_skip_regex=None, packages_start=None, packages_end=None, allow_overriding=[], cmake_args=None, cmake_target=None, cmake_target_skip_unavailable=False, cmake_clean_cache=False, cmake_clean_first=False, cmake_force_configure=False, ament_cmake_args=None, catkin_cmake_args=None, catkin_skip_building_tests=False, verb_parser=<colcon_defaults.argument_parser.defaults.DefaultArgumentsDecorator object at 0x7f4ad81cf7c0>, verb_extension=<colcon_core.verb.build.BuildVerb object at 0x7f4ad7ffa7a0>, main=<bound method BuildVerb.main of <colcon_core.verb.build.BuildVerb object at 0x7f4ad7ffa7a0>>)
[0.441s] Level 1:colcon.colcon_core.package_discovery:discover_packages(colcon_meta) check parameters
[0.441s] Level 1:colcon.colcon_core.package_discovery:discover_packages(recursive) check parameters
[0.441s] Level 1:colcon.colcon_core.package_discovery:discover_packages(ignore) check parameters
[0.441s] Level 1:colcon.colcon_core.package_discovery:discover_packages(path) check parameters
[0.441s] Level 1:colcon.colcon_core.package_discovery:discover_packages(colcon_meta) discover
[0.442s] Level 1:colcon.colcon_core.package_discovery:discover_packages(recursive) discover
[0.442s] INFO:colcon.colcon_core.package_discovery:Crawling recursively for packages in '/home/user/modelidar'
[0.442s] Level 1:colcon.colcon_core.package_identification:_identify(.) by extensions ['ignore', 'ignore_ament_install']
[0.442s] Level 1:colcon.colcon_core.package_identification:_identify(.) by extension 'ignore'
[0.442s] Level 1:colcon.colcon_core.package_identification:_identify(.) by extension 'ignore_ament_install'
[0.442s] Level 1:colcon.colcon_core.package_identification:_identify(.) by extensions ['colcon_pkg']
[0.442s] Level 1:colcon.colcon_core.package_identification:_identify(.) by extension 'colcon_pkg'
[0.442s] Level 1:colcon.colcon_core.package_identification:_identify(.) by extensions ['colcon_meta']
[0.442s] Level 1:colcon.colcon_core.package_identification:_identify(.) by extension 'colcon_meta'
[0.442s] Level 1:colcon.colcon_core.package_identification:_identify(.) by extensions ['ros']
[0.443s] Level 1:colcon.colcon_core.package_identification:_identify(.) by extension 'ros'
[0.451s] Level 1:colcon.colcon_core.package_identification:_identify(.) by extensions ['cmake', 'python']
[0.452s] Level 1:colcon.colcon_core.package_identification:_identify(.) by extension 'cmake'
[0.452s] Level 1:colcon.colcon_core.package_identification:_identify(.) by extension 'python'
[0.452s] Level 1:colcon.colcon_core.package_identification:_identify(.) by extensions ['python_setup_py']
[0.452s] Level 1:colcon.colcon_core.package_identification:_identify(.) by extension 'python_setup_py'
[0.452s] Level 1:colcon.colcon_core.package_identification:_identify(build) by extensions ['ignore', 'ignore_ament_install']
[0.452s] Level 1:colcon.colcon_core.package_identification:_identify(build) by extension 'ignore'
[0.452s] Level 1:colcon.colcon_core.package_identification:_identify(build) ignored
[0.453s] Level 1:colcon.colcon_core.package_identification:_identify(install) by extensions ['ignore', 'ignore_ament_install']
[0.453s] Level 1:colcon.colcon_core.package_identification:_identify(install) by extension 'ignore'
[0.453s] Level 1:colcon.colcon_core.package_identification:_identify(install) ignored
[0.453s] Level 1:colcon.colcon_core.package_identification:_identify(log) by extensions ['ignore', 'ignore_ament_install']
[0.453s] Level 1:colcon.colcon_core.package_identification:_identify(log) by extension 'ignore'
[0.453s] Level 1:colcon.colcon_core.package_identification:_identify(log) ignored
[0.453s] Level 1:colcon.colcon_core.package_identification:_identify(src) by extensions ['ignore', 'ignore_ament_install']
[0.453s] Level 1:colcon.colcon_core.package_identification:_identify(src) by extension 'ignore'
[0.453s] Level 1:colcon.colcon_core.package_identification:_identify(src) by extension 'ignore_ament_install'
[0.453s] Level 1:colcon.colcon_core.package_identification:_identify(src) by extensions ['colcon_pkg']
[0.454s] Level 1:colcon.colcon_core.package_identification:_identify(src) by extension 'colcon_pkg'
[0.454s] Level 1:colcon.colcon_core.package_identification:_identify(src) by extensions ['colcon_meta']
[0.454s] Level 1:colcon.colcon_core.package_identification:_identify(src) by extension 'colcon_meta'
[0.454s] Level 1:colcon.colcon_core.package_identification:_identify(src) by extensions ['ros']
[0.454s] Level 1:colcon.colcon_core.package_identification:_identify(src) by extension 'ros'
[0.454s] Level 1:colcon.colcon_core.package_identification:_identify(src) by extensions ['cmake', 'python']
[0.454s] Level 1:colcon.colcon_core.package_identification:_identify(src) by extension 'cmake'
[0.454s] Level 1:colcon.colcon_core.package_identification:_identify(src) by extension 'python'
[0.454s] Level 1:colcon.colcon_core.package_identification:_identify(src) by extensions ['python_setup_py']
[0.454s] Level 1:colcon.colcon_core.package_identification:_identify(src) by extension 'python_setup_py'
[0.454s] Level 1:colcon.colcon_core.package_identification:_identify(src/joy_node) by extensions ['ignore', 'ignore_ament_install']
[0.455s] Level 1:colcon.colcon_core.package_identification:_identify(src/joy_node) by extension 'ignore'
[0.455s] Level 1:colcon.colcon_core.package_identification:_identify(src/joy_node) by extension 'ignore_ament_install'
[0.455s] Level 1:colcon.colcon_core.package_identification:_identify(src/joy_node) by extensions ['colcon_pkg']
[0.455s] Level 1:colcon.colcon_core.package_identification:_identify(src/joy_node) by extension 'colcon_pkg'
[0.455s] Level 1:colcon.colcon_core.package_identification:_identify(src/joy_node) by extensions ['colcon_meta']
[0.455s] Level 1:colcon.colcon_core.package_identification:_identify(src/joy_node) by extension 'colcon_meta'
[0.455s] Level 1:colcon.colcon_core.package_identification:_identify(src/joy_node) by extensions ['ros']
[0.455s] Level 1:colcon.colcon_core.package_identification:_identify(src/joy_node) by extension 'ros'
[0.459s] DEBUG:colcon.colcon_core.package_identification:Package 'src/joy_node' with type 'ros.ament_python' and name 'joy_node'
[0.459s] Level 1:colcon.colcon_core.package_identification:_identify(src/rasberry) by extensions ['ignore', 'ignore_ament_install']
[0.459s] Level 1:colcon.colcon_core.package_identification:_identify(src/rasberry) by extension 'ignore'
[0.460s] Level 1:colcon.colcon_core.package_identification:_identify(src/rasberry) by extension 'ignore_ament_install'
[0.461s] Level 1:colcon.colcon_core.package_identification:_identify(src/rasberry) by extensions ['colcon_pkg']
[0.461s] Level 1:colcon.colcon_core.package_identification:_identify(src/rasberry) by extension 'colcon_pkg'
[0.461s] Level 1:colcon.colcon_core.package_identification:_identify(src/rasberry) by extensions ['colcon_meta']
[0.461s] Level 1:colcon.colcon_core.package_identification:_identify(src/rasberry) by extension 'colcon_meta'
[0.461s] Level 1:colcon.colcon_core.package_identification:_identify(src/rasberry) by extensions ['ros']
[0.461s] Level 1:colcon.colcon_core.package_identification:_identify(src/rasberry) by extension 'ros'
[0.463s] DEBUG:colcon.colcon_core.package_identification:Package 'src/rasberry' with type 'ros.ament_python' and name 'rasberry'
[0.463s] Level 1:colcon.colcon_core.package_identification:_identify(src/road_to_autonomy) by extensions ['ignore', 'ignore_ament_install']
[0.463s] Level 1:colcon.colcon_core.package_identification:_identify(src/road_to_autonomy) by extension 'ignore'
[0.463s] Level 1:colcon.colcon_core.package_identification:_identify(src/road_to_autonomy) by extension 'ignore_ament_install'
[0.463s] Level 1:colcon.colcon_core.package_identification:_identify(src/road_to_autonomy) by extensions ['colcon_pkg']
[0.463s] Level 1:colcon.colcon_core.package_identification:_identify(src/road_to_autonomy) by extension 'colcon_pkg'
[0.463s] Level 1:colcon.colcon_core.package_identification:_identify(src/road_to_autonomy) by extensions ['colcon_meta']
[0.463s] Level 1:colcon.colcon_core.package_identification:_identify(src/road_to_autonomy) by extension 'colcon_meta'
[0.463s] Level 1:colcon.colcon_core.package_identification:_identify(src/road_to_autonomy) by extensions ['ros']
[0.463s] Level 1:colcon.colcon_core.package_identification:_identify(src/road_to_autonomy) by extension 'ros'
[0.463s] DEBUG:colcon.colcon_core.package_identification:Package 'src/road_to_autonomy' with type 'ros.ament_python' and name 'road_to_autonomy'
[0.464s] Level 1:colcon.colcon_core.package_discovery:discover_packages(recursive) using defaults
[0.464s] Level 1:colcon.colcon_core.package_discovery:discover_packages(ignore) discover
[0.464s] Level 1:colcon.colcon_core.package_discovery:discover_packages(ignore) using defaults
[0.464s] Level 1:colcon.colcon_core.package_discovery:discover_packages(path) discover
[0.464s] Level 1:colcon.colcon_core.package_discovery:discover_packages(path) using defaults
[0.496s] Level 1:colcon.colcon_core.package_discovery:discover_packages(prefix_path) check parameters
[0.496s] Level 1:colcon.colcon_core.package_discovery:discover_packages(prefix_path) discover
[0.501s] DEBUG:colcon.colcon_installed_package_information.package_discovery:Found 380 installed packages in /opt/ros/humble
[0.503s] Level 1:colcon.colcon_core.package_discovery:discover_packages(prefix_path) using defaults
[0.601s] Level 5:colcon.colcon_core.verb:set package 'joy_node' build argument 'cmake_args' from command line to 'None'
[0.601s] Level 5:colcon.colcon_core.verb:set package 'joy_node' build argument 'cmake_target' from command line to 'None'
[0.601s] Level 5:colcon.colcon_core.verb:set package 'joy_node' build argument 'cmake_target_skip_unavailable' from command line to 'False'
[0.601s] Level 5:colcon.colcon_core.verb:set package 'joy_node' build argument 'cmake_clean_cache' from command line to 'False'
[0.601s] Level 5:colcon.colcon_core.verb:set package 'joy_node' build argument 'cmake_clean_first' from command line to 'False'
[0.601s] Level 5:colcon.colcon_core.verb:set package 'joy_node' build argument 'cmake_force_configure' from command line to 'False'
[0.601s] Level 5:colcon.colcon_core.verb:set package 'joy_node' build argument 'ament_cmake_args' from command line to 'None'
[0.601s] Level 5:colcon.colcon_core.verb:set package 'joy_node' build argument 'catkin_cmake_args' from command line to 'None'
[0.601s] Level 5:colcon.colcon_core.verb:set package 'joy_node' build argument 'catkin_skip_building_tests' from command line to 'False'
[0.601s] DEBUG:colcon.colcon_core.verb:Building package 'joy_node' with the following arguments: {'ament_cmake_args': None, 'build_base': '/home/user/modelidar/build/joy_node', 'catkin_cmake_args': None, 'catkin_skip_building_tests': False, 'cmake_args': None, 'cmake_clean_cache': False, 'cmake_clean_first': False, 'cmake_force_configure': False, 'cmake_target': None, 'cmake_target_skip_unavailable': False, 'install_base': '/home/user/modelidar/install/joy_node', 'merge_install': False, 'path': '/home/user/modelidar/src/joy_node', 'symlink_install': False, 'test_result_base': None}
[0.602s] Level 5:colcon.colcon_core.verb:set package 'rasberry' build argument 'cmake_args' from command line to 'None'
[0.602s] Level 5:colcon.colcon_core.verb:set package 'rasberry' build argument 'cmake_target' from command line to 'None'
[0.602s] Level 5:colcon.colcon_core.verb:set package 'rasberry' build argument 'cmake_target_skip_unavailable' from command line to 'False'
[0.602s] Level 5:colcon.colcon_core.verb:set package 'rasberry' build argument 'cmake_clean_cache' from command line to 'False'
[0.602s] Level 5:colcon.colcon_core.verb:set package 'rasberry' build argument 'cmake_clean_first' from command line to 'False'
[0.603s] Level 5:colcon.colcon_core.verb:set package 'rasberry' build argument 'cmake_force_configure' from command line to 'False'
[0.603s] Level 5:colcon.colcon_core.verb:set package 'rasberry' build argument 'ament_cmake_args' from command line to 'None'
[0.603s] Level 5:colcon.colcon_core.verb:set package 'rasberry' build argument 'catkin_cmake_args' from command line to 'None'
[0.603s] Level 5:colcon.colcon_core.verb:set package 'rasberry' build argument 'catkin_skip_building_tests' from command line to 'False'
[0.603s] DEBUG:colcon.colcon_core.verb:Building package 'rasberry' with the following arguments: {'ament_cmake_args': None, 'build_base': '/home/user/modelidar/build/rasberry', 'catkin_cmake_args': None, 'catkin_skip_building_tests': False, 'cmake_args': None, 'cmake_clean_cache': False, 'cmake_clean_first': False, 'cmake_force_configure': False, 'cmake_target': None, 'cmake_target_skip_unavailable': False, 'install_base': '/home/user/modelidar/install/rasberry', 'merge_install': False, 'path': '/home/user/modelidar/src/rasberry', 'symlink_install': False, 'test_result_base': None}
[0.603s] Level 5:colcon.colcon_core.verb:set package 'road_to_autonomy' build argument 'cmake_args' from command line to 'None'
[0.604s] Level 5:colcon.colcon_core.verb:set package 'road_to_autonomy' build argument 'cmake_target' from command line to 'None'
[0.604s] Level 5:colcon.colcon_core.verb:set package 'road_to_autonomy' build argument 'cmake_target_skip_unavailable' from command line to 'False'
[0.604s] Level 5:colcon.colcon_core.verb:set package 'road_to_autonomy' build argument 'cmake_clean_cache' from command line to 'False'
[0.604s] Level 5:colcon.colcon_core.verb:set package 'road_to_autonomy' build argument 'cmake_clean_first' from command line to 'False'
[0.604s] Level 5:colcon.colcon_core.verb:set package 'road_to_autonomy' build argument 'cmake_force_configure' from command line to 'False'
[0.604s] Level 5:colcon.colcon_core.verb:set package 'road_to_autonomy' build argument 'ament_cmake_args' from command line to 'None'
[0.604s] Level 5:colcon.colcon_core.verb:set package 'road_to_autonomy' build argument 'catkin_cmake_args' from command line to 'None'
[0.604s] Level 5:colcon.colcon_core.verb:set package 'road_to_autonomy' build argument 'catkin_skip_building_tests' from command line to 'False'
[0.604s] DEBUG:colcon.colcon_core.verb:Building package 'road_to_autonomy' with the following arguments: {'ament_cmake_args': None, 'build_base': '/home/user/modelidar/build/road_to_autonomy', 'catkin_cmake_args': None, 'catkin_skip_building_tests': False, 'cmake_args': None, 'cmake_clean_cache': False, 'cmake_clean_first': False, 'cmake_force_configure': False, 'cmake_target': None, 'cmake_target_skip_unavailable': False, 'install_base': '/home/user/modelidar/install/road_to_autonomy', 'merge_install': False, 'path': '/home/user/modelidar/src/road_to_autonomy', 'symlink_install': False, 'test_result_base': None}
[0.605s] INFO:colcon.colcon_core.executor:Executing jobs using 'parallel' executor
[0.607s] DEBUG:colcon.colcon_parallel_executor.executor.parallel:run_until_complete
[0.607s] INFO:colcon.colcon_ros.task.ament_python.build:Building ROS package in '/home/user/modelidar/src/joy_node' with build type 'ament_python'
[0.608s] Level 1:colcon.colcon_core.shell:create_environment_hook('joy_node', 'ament_prefix_path')
[0.611s] INFO:colcon.colcon_core.plugin_system:Skipping extension 'colcon_core.shell.bat': Not used on non-Windows systems
[0.611s] INFO:colcon.colcon_core.shell:Creating environment hook '/home/user/modelidar/install/joy_node/share/joy_node/hook/ament_prefix_path.ps1'
[0.612s] INFO:colcon.colcon_core.shell:Creating environment descriptor '/home/user/modelidar/install/joy_node/share/joy_node/hook/ament_prefix_path.dsv'
[0.612s] INFO:colcon.colcon_core.shell:Creating environment hook '/home/user/modelidar/install/joy_node/share/joy_node/hook/ament_prefix_path.sh'
[0.614s] INFO:colcon.colcon_core.shell:Skip shell extension 'powershell' for command environment: Not usable outside of PowerShell
[0.614s] DEBUG:colcon.colcon_core.shell:Skip shell extension 'dsv' for command environment
[0.617s] INFO:colcon.colcon_ros.task.ament_python.build:Building ROS package in '/home/user/modelidar/src/rasberry' with build type 'ament_python'
[0.618s] Level 1:colcon.colcon_core.shell:create_environment_hook('rasberry', 'ament_prefix_path')
[0.618s] INFO:colcon.colcon_core.shell:Creating environment hook '/home/user/modelidar/install/rasberry/share/rasberry/hook/ament_prefix_path.ps1'
[0.619s] INFO:colcon.colcon_core.shell:Creating environment descriptor '/home/user/modelidar/install/rasberry/share/rasberry/hook/ament_prefix_path.dsv'
[0.619s] INFO:colcon.colcon_core.shell:Creating environment hook '/home/user/modelidar/install/rasberry/share/rasberry/hook/ament_prefix_path.sh'
[0.621s] INFO:colcon.colcon_core.shell:Skip shell extension 'powershell' for command environment: Not usable outside of PowerShell
[0.621s] DEBUG:colcon.colcon_core.shell:Skip shell extension 'dsv' for command environment
[0.863s] INFO:colcon.colcon_core.task.python.build:Building Python package in '/home/user/modelidar/src/joy_node'
[0.866s] INFO:colcon.colcon_core.shell:Skip shell extension 'powershell' for command environment: Not usable outside of PowerShell
[0.867s] DEBUG:colcon.colcon_core.shell:Skip shell extension 'dsv' for command environment
[1.122s] INFO:colcon.colcon_core.task.python.build:Building Python package in '/home/user/modelidar/src/rasberry'
[1.123s] INFO:colcon.colcon_core.shell:Skip shell extension 'powershell' for command environment: Not usable outside of PowerShell
[1.124s] DEBUG:colcon.colcon_core.shell:Skip shell extension 'dsv' for command environment
[1.533s] DEBUG:colcon.colcon_core.event_handler.log_command:Invoking command in '/home/user/modelidar/src/joy_node': PYTHONPATH=/home/user/modelidar/build/joy_node/prefix_override:/home/user/modelidar/install/joy_node/lib/python3.10/site-packages:${PYTHONPATH} /usr/bin/python3 setup.py egg_info --egg-base ../../build/joy_node build --build-base /home/user/modelidar/build/joy_node/build install --record /home/user/modelidar/build/joy_node/install.log --single-version-externally-managed
[1.633s] DEBUG:colcon.colcon_core.event_handler.log_command:Invoking command in '/home/user/modelidar/src/rasberry': PYTHONPATH=/home/user/modelidar/build/rasberry/prefix_override:/home/user/modelidar/install/rasberry/lib/python3.10/site-packages:${PYTHONPATH} /usr/bin/python3 setup.py egg_info --egg-base ../../build/rasberry build --build-base /home/user/modelidar/build/rasberry/build install --record /home/user/modelidar/build/rasberry/install.log --single-version-externally-managed
[1.886s] DEBUG:colcon.colcon_core.event_handler.log_command:Invoked command in '/home/user/modelidar/src/joy_node' returned '0': PYTHONPATH=/home/user/modelidar/build/joy_node/prefix_override:/home/user/modelidar/install/joy_node/lib/python3.10/site-packages:${PYTHONPATH} /usr/bin/python3 setup.py egg_info --egg-base ../../build/joy_node build --build-base /home/user/modelidar/build/joy_node/build install --record /home/user/modelidar/build/joy_node/install.log --single-version-externally-managed
[1.886s] Level 1:colcon.colcon_core.environment:checking '/home/user/modelidar/install/joy_node' for CMake module files
[1.887s] Level 1:colcon.colcon_core.environment:checking '/home/user/modelidar/install/joy_node' for CMake config files
[1.887s] Level 1:colcon.colcon_core.environment:checking '/home/user/modelidar/install/joy_node/lib'
[1.888s] Level 1:colcon.colcon_core.environment:checking '/home/user/modelidar/install/joy_node/bin'
[1.888s] Level 1:colcon.colcon_core.environment:checking '/home/user/modelidar/install/joy_node/lib/pkgconfig/joy_node.pc'
[1.888s] Level 1:colcon.colcon_core.environment:checking '/home/user/modelidar/install/joy_node/lib/python3.10/site-packages'
[1.888s] Level 1:colcon.colcon_core.shell:create_environment_hook('joy_node', 'pythonpath')
[1.890s] INFO:colcon.colcon_core.shell:Creating environment hook '/home/user/modelidar/install/joy_node/share/joy_node/hook/pythonpath.ps1'
[1.891s] INFO:colcon.colcon_core.shell:Creating environment descriptor '/home/user/modelidar/install/joy_node/share/joy_node/hook/pythonpath.dsv'
[1.891s] INFO:colcon.colcon_core.shell:Creating environment hook '/home/user/modelidar/install/joy_node/share/joy_node/hook/pythonpath.sh'
[1.892s] Level 1:colcon.colcon_core.environment:checking '/home/user/modelidar/install/joy_node/bin'
[1.893s] Level 1:colcon.colcon_core.environment:create_environment_scripts_only(joy_node)
[1.897s] INFO:colcon.colcon_core.shell:Creating package script '/home/user/modelidar/install/joy_node/share/joy_node/package.ps1'
[1.898s] INFO:colcon.colcon_core.shell:Creating package descriptor '/home/user/modelidar/install/joy_node/share/joy_node/package.dsv'
[1.899s] INFO:colcon.colcon_core.shell:Creating package script '/home/user/modelidar/install/joy_node/share/joy_node/package.sh'
[1.899s] INFO:colcon.colcon_core.shell:Creating package script '/home/user/modelidar/install/joy_node/share/joy_node/package.bash'
[1.900s] INFO:colcon.colcon_core.shell:Creating package script '/home/user/modelidar/install/joy_node/share/joy_node/package.zsh'
[1.901s] Level 1:colcon.colcon_core.environment:create_file_with_runtime_dependencies(/home/user/modelidar/install/joy_node/share/colcon-core/packages/joy_node)
[1.901s] INFO:colcon.colcon_ros.task.ament_python.build:Building ROS package in '/home/user/modelidar/src/road_to_autonomy' with build type 'ament_python'
[1.901s] Level 1:colcon.colcon_core.shell:create_environment_hook('road_to_autonomy', 'ament_prefix_path')
[1.902s] INFO:colcon.colcon_core.shell:Creating environment hook '/home/user/modelidar/install/road_to_autonomy/share/road_to_autonomy/hook/ament_prefix_path.ps1'
[1.903s] INFO:colcon.colcon_core.shell:Creating environment descriptor '/home/user/modelidar/install/road_to_autonomy/share/road_to_autonomy/hook/ament_prefix_path.dsv'
[1.903s] INFO:colcon.colcon_core.shell:Creating environment hook '/home/user/modelidar/install/road_to_autonomy/share/road_to_autonomy/hook/ament_prefix_path.sh'
[1.906s] INFO:colcon.colcon_core.shell:Skip shell extension 'powershell' for command environment: Not usable outside of PowerShell
[1.906s] DEBUG:colcon.colcon_core.shell:Skip shell extension 'dsv' for command environment
[2.176s] INFO:colcon.colcon_core.task.python.build:Building Python package in '/home/user/modelidar/src/road_to_autonomy'
[2.177s] INFO:colcon.colcon_core.shell:Skip shell extension 'powershell' for command environment: Not usable outside of PowerShell
[2.177s] DEBUG:colcon.colcon_core.shell:Skip shell extension 'dsv' for command environment
[2.183s] Level 1:colcon.colcon_core.environment:checking '/home/user/modelidar/install/rasberry' for CMake module files
[2.183s] Level 1:colcon.colcon_core.environment:checking '/home/user/modelidar/install/rasberry' for CMake config files
[2.184s] DEBUG:colcon.colcon_core.event_handler.log_command:Invoked command in '/home/user/modelidar/src/rasberry' returned '0': PYTHONPATH=/home/user/modelidar/build/rasberry/prefix_override:/home/user/modelidar/install/rasberry/lib/python3.10/site-packages:${PYTHONPATH} /usr/bin/python3 setup.py egg_info --egg-base ../../build/rasberry build --build-base /home/user/modelidar/build/rasberry/build install --record /home/user/modelidar/build/rasberry/install.log --single-version-externally-managed
[2.184s] Level 1:colcon.colcon_core.environment:checking '/home/user/modelidar/install/rasberry/lib'
[2.184s] Level 1:colcon.colcon_core.environment:checking '/home/user/modelidar/install/rasberry/bin'
[2.184s] Level 1:colcon.colcon_core.environment:checking '/home/user/modelidar/install/rasberry/lib/pkgconfig/rasberry.pc'
[2.184s] Level 1:colcon.colcon_core.environment:checking '/home/user/modelidar/install/rasberry/lib/python3.10/site-packages'
[2.185s] Level 1:colcon.colcon_core.shell:create_environment_hook('rasberry', 'pythonpath')
[2.185s] INFO:colcon.colcon_core.shell:Creating environment hook '/home/user/modelidar/install/rasberry/share/rasberry/hook/pythonpath.ps1'
[2.186s] INFO:colcon.colcon_core.shell:Creating environment descriptor '/home/user/modelidar/install/rasberry/share/rasberry/hook/pythonpath.dsv'
[2.186s] INFO:colcon.colcon_core.shell:Creating environment hook '/home/user/modelidar/install/rasberry/share/rasberry/hook/pythonpath.sh'
[2.187s] Level 1:colcon.colcon_core.environment:checking '/home/user/modelidar/install/rasberry/bin'
[2.187s] Level 1:colcon.colcon_core.environment:create_environment_scripts_only(rasberry)
[2.188s] INFO:colcon.colcon_core.shell:Creating package script '/home/user/modelidar/install/rasberry/share/rasberry/package.ps1'
[2.189s] INFO:colcon.colcon_core.shell:Creating package descriptor '/home/user/modelidar/install/rasberry/share/rasberry/package.dsv'
[2.189s] INFO:colcon.colcon_core.shell:Creating package script '/home/user/modelidar/install/rasberry/share/rasberry/package.sh'
[2.190s] INFO:colcon.colcon_core.shell:Creating package script '/home/user/modelidar/install/rasberry/share/rasberry/package.bash'
[2.190s] INFO:colcon.colcon_core.shell:Creating package script '/home/user/modelidar/install/rasberry/share/rasberry/package.zsh'
[2.190s] Level 1:colcon.colcon_core.environment:create_file_with_runtime_dependencies(/home/user/modelidar/install/rasberry/share/colcon-core/packages/rasberry)
[2.519s] DEBUG:colcon.colcon_core.event_handler.log_command:Invoking command in '/home/user/modelidar/src/road_to_autonomy': PYTHONPATH=/home/user/modelidar/build/road_to_autonomy/prefix_override:/home/user/modelidar/install/road_to_autonomy/lib/python3.10/site-packages:${PYTHONPATH} /usr/bin/python3 setup.py egg_info --egg-base ../../build/road_to_autonomy build --build-base /home/user/modelidar/build/road_to_autonomy/build install --record /home/user/modelidar/build/road_to_autonomy/install.log --single-version-externally-managed
[2.789s] Level 1:colcon.colcon_core.environment:checking '/home/user/modelidar/install/road_to_autonomy' for CMake module files
[2.790s] Level 1:colcon.colcon_core.environment:checking '/home/user/modelidar/install/road_to_autonomy' for CMake config files
[2.790s] Level 1:colcon.colcon_core.environment:checking '/home/user/modelidar/install/road_to_autonomy/lib'
[2.791s] Level 1:colcon.colcon_core.environment:checking '/home/user/modelidar/install/road_to_autonomy/bin'
[2.792s] Level 1:colcon.colcon_core.environment:checking '/home/user/modelidar/install/road_to_autonomy/lib/pkgconfig/road_to_autonomy.pc'
[2.794s] Level 1:colcon.colcon_core.environment:checking '/home/user/modelidar/install/road_to_autonomy/lib/python3.10/site-packages'
[2.794s] Level 1:colcon.colcon_core.shell:create_environment_hook('road_to_autonomy', 'pythonpath')
[2.795s] INFO:colcon.colcon_core.shell:Creating environment hook '/home/user/modelidar/install/road_to_autonomy/share/road_to_autonomy/hook/pythonpath.ps1'
[2.796s] DEBUG:colcon.colcon_core.event_handler.log_command:Invoked command in '/home/user/modelidar/src/road_to_autonomy' returned '0': PYTHONPATH=/home/user/modelidar/build/road_to_autonomy/prefix_override:/home/user/modelidar/install/road_to_autonomy/lib/python3.10/site-packages:${PYTHONPATH} /usr/bin/python3 setup.py egg_info --egg-base ../../build/road_to_autonomy build --build-base /home/user/modelidar/build/road_to_autonomy/build install --record /home/user/modelidar/build/road_to_autonomy/install.log --single-version-externally-managed
[2.797s] INFO:colcon.colcon_core.shell:Creating environment descriptor '/home/user/modelidar/install/road_to_autonomy/share/road_to_autonomy/hook/pythonpath.dsv'
[2.797s] INFO:colcon.colcon_core.shell:Creating environment hook '/home/user/modelidar/install/road_to_autonomy/share/road_to_autonomy/hook/pythonpath.sh'
[2.797s] Level 1:colcon.colcon_core.environment:checking '/home/user/modelidar/install/road_to_autonomy/bin'
[2.797s] Level 1:colcon.colcon_core.environment:create_environment_scripts_only(road_to_autonomy)
[2.798s] INFO:colcon.colcon_core.shell:Creating package script '/home/user/modelidar/install/road_to_autonomy/share/road_to_autonomy/package.ps1'
[2.799s] INFO:colcon.colcon_core.shell:Creating package descriptor '/home/user/modelidar/install/road_to_autonomy/share/road_to_autonomy/package.dsv'
[2.799s] INFO:colcon.colcon_core.shell:Creating package script '/home/user/modelidar/install/road_to_autonomy/share/road_to_autonomy/package.sh'
[2.799s] INFO:colcon.colcon_core.shell:Creating package script '/home/user/modelidar/install/road_to_autonomy/share/road_to_autonomy/package.bash'
[2.800s] INFO:colcon.colcon_core.shell:Creating package script '/home/user/modelidar/install/road_to_autonomy/share/road_to_autonomy/package.zsh'
[2.800s] Level 1:colcon.colcon_core.environment:create_file_with_runtime_dependencies(/home/user/modelidar/install/road_to_autonomy/share/colcon-core/packages/road_to_autonomy)
[2.800s] DEBUG:colcon.colcon_parallel_executor.executor.parallel:closing loop
[2.800s] DEBUG:colcon.colcon_parallel_executor.executor.parallel:loop closed
[2.801s] DEBUG:colcon.colcon_parallel_executor.executor.parallel:run_until_complete finished with '0'
[2.801s] DEBUG:colcon.colcon_core.event_reactor:joining thread
[2.807s] INFO:colcon.colcon_core.plugin_system:Skipping extension 'colcon_notification.desktop_notification.terminal_notifier': Not used on non-Darwin systems
[2.807s] INFO:colcon.colcon_core.plugin_system:Skipping extension 'colcon_notification.desktop_notification.win32': Not used on non-Windows systems
[2.807s] INFO:colcon.colcon_notification.desktop_notification:Sending desktop notification using 'notify2'
[2.833s] DEBUG:colcon.colcon_core.event_reactor:joined thread
[2.834s] INFO:colcon.colcon_core.shell:Creating prefix script '/home/user/modelidar/install/local_setup.ps1'
[2.835s] INFO:colcon.colcon_core.shell:Creating prefix util module '/home/user/modelidar/install/_local_setup_util_ps1.py'
[2.836s] INFO:colcon.colcon_core.shell:Creating prefix chain script '/home/user/modelidar/install/setup.ps1'
[2.837s] INFO:colcon.colcon_core.shell:Creating prefix script '/home/user/modelidar/install/local_setup.sh'
[2.838s] INFO:colcon.colcon_core.shell:Creating prefix util module '/home/user/modelidar/install/_local_setup_util_sh.py'
[2.838s] INFO:colcon.colcon_core.shell:Creating prefix chain script '/home/user/modelidar/install/setup.sh'
[2.839s] INFO:colcon.colcon_core.shell:Creating prefix script '/home/user/modelidar/install/local_setup.bash'
[2.840s] INFO:colcon.colcon_core.shell:Creating prefix chain script '/home/user/modelidar/install/setup.bash'
[2.841s] INFO:colcon.colcon_core.shell:Creating prefix script '/home/user/modelidar/install/local_setup.zsh'
[2.841s] INFO:colcon.colcon_core.shell:Creating prefix chain script '/home/user/modelidar/install/setup.zsh'
