[0.685s] DEBUG:colcon:Command line arguments: ['/usr/bin/colcon', 'build']
[0.685s] DEBUG:colcon:Parsed command line arguments: Namespace(log_base=None, log_level=None, verb_name='build', build_base='build', install_base='install', merge_install=False, symlink_install=False, test_result_base=None, continue_on_error=False, executor='parallel', parallel_workers=2, event_handlers=None, ignore_user_meta=False, metas=['./colcon.meta'], base_paths=['.'], packages_ignore=None, packages_ignore_regex=None, paths=None, packages_up_to=None, packages_up_to_regex=None, packages_above=None, packages_above_and_dependencies=None, packages_above_depth=None, packages_select_by_dep=None, packages_skip_by_dep=None, packages_skip_up_to=None, packages_select_build_failed=False, packages_skip_build_finished=False, packages_select_test_failures=False, packages_skip_test_passed=False, packages_select=None, packages_skip=None, packages_select_regex=None, packages_skip_regex=None, packages_start=None, packages_end=None, allow_overriding=[], cmake_args=None, cmake_target=None, cmake_target_skip_unavailable=False, cmake_clean_cache=False, cmake_clean_first=False, cmake_force_configure=False, ament_cmake_args=None, catkin_cmake_args=None, catkin_skip_building_tests=False, verb_parser=<colcon_defaults.argument_parser.defaults.DefaultArgumentsDecorator object at 0x7fbe4a7cbdc0>, verb_extension=<colcon_core.verb.build.BuildVerb object at 0x7fbe4a5d7b50>, main=<bound method BuildVerb.main of <colcon_core.verb.build.BuildVerb object at 0x7fbe4a5d7b50>>)
[0.752s] Level 1:colcon.colcon_core.package_discovery:discover_packages(colcon_meta) check parameters
[0.752s] Level 1:colcon.colcon_core.package_discovery:discover_packages(recursive) check parameters
[0.752s] Level 1:colcon.colcon_core.package_discovery:discover_packages(ignore) check parameters
[0.752s] Level 1:colcon.colcon_core.package_discovery:discover_packages(path) check parameters
[0.752s] Level 1:colcon.colcon_core.package_discovery:discover_packages(colcon_meta) discover
[0.752s] Level 1:colcon.colcon_core.package_discovery:discover_packages(recursive) discover
[0.752s] INFO:colcon.colcon_core.package_discovery:Crawling recursively for packages in '/home/user/modelidar'
[0.752s] Level 1:colcon.colcon_core.package_identification:_identify(.) by extensions ['ignore', 'ignore_ament_install']
[0.752s] Level 1:colcon.colcon_core.package_identification:_identify(.) by extension 'ignore'
[0.752s] Level 1:colcon.colcon_core.package_identification:_identify(.) by extension 'ignore_ament_install'
[0.752s] Level 1:colcon.colcon_core.package_identification:_identify(.) by extensions ['colcon_pkg']
[0.752s] Level 1:colcon.colcon_core.package_identification:_identify(.) by extension 'colcon_pkg'
[0.752s] Level 1:colcon.colcon_core.package_identification:_identify(.) by extensions ['colcon_meta']
[0.752s] Level 1:colcon.colcon_core.package_identification:_identify(.) by extension 'colcon_meta'
[0.752s] Level 1:colcon.colcon_core.package_identification:_identify(.) by extensions ['ros']
[0.752s] Level 1:colcon.colcon_core.package_identification:_identify(.) by extension 'ros'
[0.772s] Level 1:colcon.colcon_core.package_identification:_identify(.) by extensions ['cmake', 'python']
[0.772s] Level 1:colcon.colcon_core.package_identification:_identify(.) by extension 'cmake'
[0.772s] Level 1:colcon.colcon_core.package_identification:_identify(.) by extension 'python'
[0.772s] Level 1:colcon.colcon_core.package_identification:_identify(.) by extensions ['python_setup_py']
[0.772s] Level 1:colcon.colcon_core.package_identification:_identify(.) by extension 'python_setup_py'
[0.772s] Level 1:colcon.colcon_core.package_identification:_identify(build) by extensions ['ignore', 'ignore_ament_install']
[0.772s] Level 1:colcon.colcon_core.package_identification:_identify(build) by extension 'ignore'
[0.772s] Level 1:colcon.colcon_core.package_identification:_identify(build) ignored
[0.772s] Level 1:colcon.colcon_core.package_identification:_identify(install) by extensions ['ignore', 'ignore_ament_install']
[0.772s] Level 1:colcon.colcon_core.package_identification:_identify(install) by extension 'ignore'
[0.772s] Level 1:colcon.colcon_core.package_identification:_identify(install) ignored
[0.772s] Level 1:colcon.colcon_core.package_identification:_identify(log) by extensions ['ignore', 'ignore_ament_install']
[0.772s] Level 1:colcon.colcon_core.package_identification:_identify(log) by extension 'ignore'
[0.772s] Level 1:colcon.colcon_core.package_identification:_identify(log) ignored
[0.772s] Level 1:colcon.colcon_core.package_identification:_identify(src) by extensions ['ignore', 'ignore_ament_install']
[0.772s] Level 1:colcon.colcon_core.package_identification:_identify(src) by extension 'ignore'
[0.772s] Level 1:colcon.colcon_core.package_identification:_identify(src) by extension 'ignore_ament_install'
[0.772s] Level 1:colcon.colcon_core.package_identification:_identify(src) by extensions ['colcon_pkg']
[0.773s] Level 1:colcon.colcon_core.package_identification:_identify(src) by extension 'colcon_pkg'
[0.773s] Level 1:colcon.colcon_core.package_identification:_identify(src) by extensions ['colcon_meta']
[0.773s] Level 1:colcon.colcon_core.package_identification:_identify(src) by extension 'colcon_meta'
[0.773s] Level 1:colcon.colcon_core.package_identification:_identify(src) by extensions ['ros']
[0.773s] Level 1:colcon.colcon_core.package_identification:_identify(src) by extension 'ros'
[0.773s] Level 1:colcon.colcon_core.package_identification:_identify(src) by extensions ['cmake', 'python']
[0.773s] Level 1:colcon.colcon_core.package_identification:_identify(src) by extension 'cmake'
[0.773s] Level 1:colcon.colcon_core.package_identification:_identify(src) by extension 'python'
[0.773s] Level 1:colcon.colcon_core.package_identification:_identify(src) by extensions ['python_setup_py']
[0.773s] Level 1:colcon.colcon_core.package_identification:_identify(src) by extension 'python_setup_py'
[0.773s] Level 1:colcon.colcon_core.package_identification:_identify(src/communication_to_stm) by extensions ['ignore', 'ignore_ament_install']
[0.773s] Level 1:colcon.colcon_core.package_identification:_identify(src/communication_to_stm) by extension 'ignore'
[0.778s] Level 1:colcon.colcon_core.package_identification:_identify(src/communication_to_stm) by extension 'ignore_ament_install'
[0.778s] Level 1:colcon.colcon_core.package_identification:_identify(src/communication_to_stm) by extensions ['colcon_pkg']
[0.778s] Level 1:colcon.colcon_core.package_identification:_identify(src/communication_to_stm) by extension 'colcon_pkg'
[0.779s] Level 1:colcon.colcon_core.package_identification:_identify(src/communication_to_stm) by extensions ['colcon_meta']
[0.779s] Level 1:colcon.colcon_core.package_identification:_identify(src/communication_to_stm) by extension 'colcon_meta'
[0.779s] Level 1:colcon.colcon_core.package_identification:_identify(src/communication_to_stm) by extensions ['ros']
[0.779s] Level 1:colcon.colcon_core.package_identification:_identify(src/communication_to_stm) by extension 'ros'
[0.784s] DEBUG:colcon.colcon_core.package_identification:Package 'src/communication_to_stm' with type 'ros.ament_python' and name 'communication_to_stm'
[0.784s] Level 1:colcon.colcon_core.package_identification:_identify(src/joy_node) by extensions ['ignore', 'ignore_ament_install']
[0.785s] Level 1:colcon.colcon_core.package_identification:_identify(src/joy_node) by extension 'ignore'
[0.785s] Level 1:colcon.colcon_core.package_identification:_identify(src/joy_node) by extension 'ignore_ament_install'
[0.785s] Level 1:colcon.colcon_core.package_identification:_identify(src/joy_node) by extensions ['colcon_pkg']
[0.785s] Level 1:colcon.colcon_core.package_identification:_identify(src/joy_node) by extension 'colcon_pkg'
[0.785s] Level 1:colcon.colcon_core.package_identification:_identify(src/joy_node) by extensions ['colcon_meta']
[0.785s] Level 1:colcon.colcon_core.package_identification:_identify(src/joy_node) by extension 'colcon_meta'
[0.785s] Level 1:colcon.colcon_core.package_identification:_identify(src/joy_node) by extensions ['ros']
[0.785s] Level 1:colcon.colcon_core.package_identification:_identify(src/joy_node) by extension 'ros'
[0.785s] DEBUG:colcon.colcon_core.package_identification:Package 'src/joy_node' with type 'ros.ament_python' and name 'joy_node'
[0.785s] Level 1:colcon.colcon_core.package_identification:_identify(src/rasberry) by extensions ['ignore', 'ignore_ament_install']
[0.785s] Level 1:colcon.colcon_core.package_identification:_identify(src/rasberry) by extension 'ignore'
[0.785s] Level 1:colcon.colcon_core.package_identification:_identify(src/rasberry) by extension 'ignore_ament_install'
[0.786s] Level 1:colcon.colcon_core.package_identification:_identify(src/rasberry) by extensions ['colcon_pkg']
[0.786s] Level 1:colcon.colcon_core.package_identification:_identify(src/rasberry) by extension 'colcon_pkg'
[0.786s] Level 1:colcon.colcon_core.package_identification:_identify(src/rasberry) by extensions ['colcon_meta']
[0.786s] Level 1:colcon.colcon_core.package_identification:_identify(src/rasberry) by extension 'colcon_meta'
[0.786s] Level 1:colcon.colcon_core.package_identification:_identify(src/rasberry) by extensions ['ros']
[0.786s] Level 1:colcon.colcon_core.package_identification:_identify(src/rasberry) by extension 'ros'
[0.786s] DEBUG:colcon.colcon_core.package_identification:Package 'src/rasberry' with type 'ros.ament_python' and name 'rasberry'
[0.786s] Level 1:colcon.colcon_core.package_discovery:discover_packages(recursive) using defaults
[0.786s] Level 1:colcon.colcon_core.package_discovery:discover_packages(ignore) discover
[0.786s] Level 1:colcon.colcon_core.package_discovery:discover_packages(ignore) using defaults
[0.786s] Level 1:colcon.colcon_core.package_discovery:discover_packages(path) discover
[0.786s] Level 1:colcon.colcon_core.package_discovery:discover_packages(path) using defaults
[0.837s] Level 1:colcon.colcon_core.package_discovery:discover_packages(prefix_path) check parameters
[0.837s] Level 1:colcon.colcon_core.package_discovery:discover_packages(prefix_path) discover
[0.848s] DEBUG:colcon.colcon_installed_package_information.package_discovery:Found 380 installed packages in /opt/ros/humble
[0.850s] Level 1:colcon.colcon_core.package_discovery:discover_packages(prefix_path) using defaults
[0.998s] Level 5:colcon.colcon_core.verb:set package 'communication_to_stm' build argument 'cmake_args' from command line to 'None'
[0.998s] Level 5:colcon.colcon_core.verb:set package 'communication_to_stm' build argument 'cmake_target' from command line to 'None'
[0.998s] Level 5:colcon.colcon_core.verb:set package 'communication_to_stm' build argument 'cmake_target_skip_unavailable' from command line to 'False'
[0.998s] Level 5:colcon.colcon_core.verb:set package 'communication_to_stm' build argument 'cmake_clean_cache' from command line to 'False'
[0.998s] Level 5:colcon.colcon_core.verb:set package 'communication_to_stm' build argument 'cmake_clean_first' from command line to 'False'
[0.998s] Level 5:colcon.colcon_core.verb:set package 'communication_to_stm' build argument 'cmake_force_configure' from command line to 'False'
[0.998s] Level 5:colcon.colcon_core.verb:set package 'communication_to_stm' build argument 'ament_cmake_args' from command line to 'None'
[0.998s] Level 5:colcon.colcon_core.verb:set package 'communication_to_stm' build argument 'catkin_cmake_args' from command line to 'None'
[0.998s] Level 5:colcon.colcon_core.verb:set package 'communication_to_stm' build argument 'catkin_skip_building_tests' from command line to 'False'
[0.998s] DEBUG:colcon.colcon_core.verb:Building package 'communication_to_stm' with the following arguments: {'ament_cmake_args': None, 'build_base': '/home/user/modelidar/build/communication_to_stm', 'catkin_cmake_args': None, 'catkin_skip_building_tests': False, 'cmake_args': None, 'cmake_clean_cache': False, 'cmake_clean_first': False, 'cmake_force_configure': False, 'cmake_target': None, 'cmake_target_skip_unavailable': False, 'install_base': '/home/user/modelidar/install/communication_to_stm', 'merge_install': False, 'path': '/home/user/modelidar/src/communication_to_stm', 'symlink_install': False, 'test_result_base': None}
[0.999s] Level 5:colcon.colcon_core.verb:set package 'joy_node' build argument 'cmake_args' from command line to 'None'
[0.999s] Level 5:colcon.colcon_core.verb:set package 'joy_node' build argument 'cmake_target' from command line to 'None'
[0.999s] Level 5:colcon.colcon_core.verb:set package 'joy_node' build argument 'cmake_target_skip_unavailable' from command line to 'False'
[0.999s] Level 5:colcon.colcon_core.verb:set package 'joy_node' build argument 'cmake_clean_cache' from command line to 'False'
[0.999s] Level 5:colcon.colcon_core.verb:set package 'joy_node' build argument 'cmake_clean_first' from command line to 'False'
[0.999s] Level 5:colcon.colcon_core.verb:set package 'joy_node' build argument 'cmake_force_configure' from command line to 'False'
[0.999s] Level 5:colcon.colcon_core.verb:set package 'joy_node' build argument 'ament_cmake_args' from command line to 'None'
[0.999s] Level 5:colcon.colcon_core.verb:set package 'joy_node' build argument 'catkin_cmake_args' from command line to 'None'
[0.999s] Level 5:colcon.colcon_core.verb:set package 'joy_node' build argument 'catkin_skip_building_tests' from command line to 'False'
[0.999s] DEBUG:colcon.colcon_core.verb:Building package 'joy_node' with the following arguments: {'ament_cmake_args': None, 'build_base': '/home/user/modelidar/build/joy_node', 'catkin_cmake_args': None, 'catkin_skip_building_tests': False, 'cmake_args': None, 'cmake_clean_cache': False, 'cmake_clean_first': False, 'cmake_force_configure': False, 'cmake_target': None, 'cmake_target_skip_unavailable': False, 'install_base': '/home/user/modelidar/install/joy_node', 'merge_install': False, 'path': '/home/user/modelidar/src/joy_node', 'symlink_install': False, 'test_result_base': None}
[1.000s] Level 5:colcon.colcon_core.verb:set package 'rasberry' build argument 'cmake_args' from command line to 'None'
[1.000s] Level 5:colcon.colcon_core.verb:set package 'rasberry' build argument 'cmake_target' from command line to 'None'
[1.000s] Level 5:colcon.colcon_core.verb:set package 'rasberry' build argument 'cmake_target_skip_unavailable' from command line to 'False'
[1.000s] Level 5:colcon.colcon_core.verb:set package 'rasberry' build argument 'cmake_clean_cache' from command line to 'False'
[1.000s] Level 5:colcon.colcon_core.verb:set package 'rasberry' build argument 'cmake_clean_first' from command line to 'False'
[1.000s] Level 5:colcon.colcon_core.verb:set package 'rasberry' build argument 'cmake_force_configure' from command line to 'False'
[1.000s] Level 5:colcon.colcon_core.verb:set package 'rasberry' build argument 'ament_cmake_args' from command line to 'None'
[1.000s] Level 5:colcon.colcon_core.verb:set package 'rasberry' build argument 'catkin_cmake_args' from command line to 'None'
[1.000s] Level 5:colcon.colcon_core.verb:set package 'rasberry' build argument 'catkin_skip_building_tests' from command line to 'False'
[1.000s] DEBUG:colcon.colcon_core.verb:Building package 'rasberry' with the following arguments: {'ament_cmake_args': None, 'build_base': '/home/user/modelidar/build/rasberry', 'catkin_cmake_args': None, 'catkin_skip_building_tests': False, 'cmake_args': None, 'cmake_clean_cache': False, 'cmake_clean_first': False, 'cmake_force_configure': False, 'cmake_target': None, 'cmake_target_skip_unavailable': False, 'install_base': '/home/user/modelidar/install/rasberry', 'merge_install': False, 'path': '/home/user/modelidar/src/rasberry', 'symlink_install': False, 'test_result_base': None}
[1.000s] INFO:colcon.colcon_core.executor:Executing jobs using 'parallel' executor
[1.003s] DEBUG:colcon.colcon_parallel_executor.executor.parallel:run_until_complete
[1.003s] INFO:colcon.colcon_ros.task.ament_python.build:Building ROS package in '/home/user/modelidar/src/communication_to_stm' with build type 'ament_python'
[1.004s] Level 1:colcon.colcon_core.shell:create_environment_hook('communication_to_stm', 'ament_prefix_path')
[1.016s] INFO:colcon.colcon_core.plugin_system:Skipping extension 'colcon_core.shell.bat': Not used on non-Windows systems
[1.016s] INFO:colcon.colcon_core.shell:Creating environment hook '/home/user/modelidar/install/communication_to_stm/share/communication_to_stm/hook/ament_prefix_path.ps1'
[1.017s] INFO:colcon.colcon_core.shell:Creating environment descriptor '/home/user/modelidar/install/communication_to_stm/share/communication_to_stm/hook/ament_prefix_path.dsv'
[1.017s] INFO:colcon.colcon_core.shell:Creating environment hook '/home/user/modelidar/install/communication_to_stm/share/communication_to_stm/hook/ament_prefix_path.sh'
[1.019s] INFO:colcon.colcon_core.shell:Skip shell extension 'powershell' for command environment: Not usable outside of PowerShell
[1.019s] DEBUG:colcon.colcon_core.shell:Skip shell extension 'dsv' for command environment
[1.023s] INFO:colcon.colcon_ros.task.ament_python.build:Building ROS package in '/home/user/modelidar/src/joy_node' with build type 'ament_python'
[1.023s] Level 1:colcon.colcon_core.shell:create_environment_hook('joy_node', 'ament_prefix_path')
[1.024s] INFO:colcon.colcon_core.shell:Creating environment hook '/home/user/modelidar/install/joy_node/share/joy_node/hook/ament_prefix_path.ps1'
[1.025s] INFO:colcon.colcon_core.shell:Creating environment descriptor '/home/user/modelidar/install/joy_node/share/joy_node/hook/ament_prefix_path.dsv'
[1.025s] INFO:colcon.colcon_core.shell:Creating environment hook '/home/user/modelidar/install/joy_node/share/joy_node/hook/ament_prefix_path.sh'
[1.026s] INFO:colcon.colcon_core.shell:Skip shell extension 'powershell' for command environment: Not usable outside of PowerShell
[1.026s] DEBUG:colcon.colcon_core.shell:Skip shell extension 'dsv' for command environment
[1.303s] INFO:colcon.colcon_core.task.python.build:Building Python package in '/home/user/modelidar/src/communication_to_stm'
[1.305s] INFO:colcon.colcon_core.shell:Skip shell extension 'powershell' for command environment: Not usable outside of PowerShell
[1.306s] DEBUG:colcon.colcon_core.shell:Skip shell extension 'dsv' for command environment
[1.613s] INFO:colcon.colcon_core.task.python.build:Building Python package in '/home/user/modelidar/src/joy_node'
[1.614s] INFO:colcon.colcon_core.shell:Skip shell extension 'powershell' for command environment: Not usable outside of PowerShell
[1.614s] DEBUG:colcon.colcon_core.shell:Skip shell extension 'dsv' for command environment
[2.253s] DEBUG:colcon.colcon_core.event_handler.log_command:Invoking command in '/home/user/modelidar/src/joy_node': PYTHONPATH=/home/user/modelidar/build/joy_node/prefix_override:/home/user/modelidar/install/joy_node/lib/python3.10/site-packages:${PYTHONPATH} /usr/bin/python3 setup.py egg_info --egg-base ../../build/joy_node build --build-base /home/user/modelidar/build/joy_node/build install --record /home/user/modelidar/build/joy_node/install.log --single-version-externally-managed
[2.262s] DEBUG:colcon.colcon_core.event_handler.log_command:Invoking command in '/home/user/modelidar/src/communication_to_stm': PYTHONPATH=/home/user/modelidar/build/communication_to_stm/prefix_override:/home/user/modelidar/install/communication_to_stm/lib/python3.10/site-packages:${PYTHONPATH} /usr/bin/python3 setup.py egg_info --egg-base ../../build/communication_to_stm build --build-base /home/user/modelidar/build/communication_to_stm/build install --record /home/user/modelidar/build/communication_to_stm/install.log --single-version-externally-managed
[2.591s] DEBUG:colcon.colcon_core.event_handler.log_command:Invoked command in '/home/user/modelidar/src/joy_node' returned '0': PYTHONPATH=/home/user/modelidar/build/joy_node/prefix_override:/home/user/modelidar/install/joy_node/lib/python3.10/site-packages:${PYTHONPATH} /usr/bin/python3 setup.py egg_info --egg-base ../../build/joy_node build --build-base /home/user/modelidar/build/joy_node/build install --record /home/user/modelidar/build/joy_node/install.log --single-version-externally-managed
[2.602s] Level 1:colcon.colcon_core.environment:checking '/home/user/modelidar/install/joy_node' for CMake module files
[2.602s] Level 1:colcon.colcon_core.environment:checking '/home/user/modelidar/install/joy_node' for CMake config files
[2.603s] Level 1:colcon.colcon_core.environment:checking '/home/user/modelidar/install/joy_node/lib'
[2.603s] Level 1:colcon.colcon_core.environment:checking '/home/user/modelidar/install/joy_node/bin'
[2.603s] Level 1:colcon.colcon_core.environment:checking '/home/user/modelidar/install/joy_node/lib/pkgconfig/joy_node.pc'
[2.603s] Level 1:colcon.colcon_core.environment:checking '/home/user/modelidar/install/joy_node/lib/python3.10/site-packages'
[2.603s] Level 1:colcon.colcon_core.shell:create_environment_hook('joy_node', 'pythonpath')
[2.605s] INFO:colcon.colcon_core.shell:Creating environment hook '/home/user/modelidar/install/joy_node/share/joy_node/hook/pythonpath.ps1'
[2.606s] INFO:colcon.colcon_core.shell:Creating environment descriptor '/home/user/modelidar/install/joy_node/share/joy_node/hook/pythonpath.dsv'
[2.606s] INFO:colcon.colcon_core.shell:Creating environment hook '/home/user/modelidar/install/joy_node/share/joy_node/hook/pythonpath.sh'
[2.607s] Level 1:colcon.colcon_core.environment:checking '/home/user/modelidar/install/joy_node/bin'
[2.607s] Level 1:colcon.colcon_core.environment:create_environment_scripts_only(joy_node)
[2.608s] INFO:colcon.colcon_core.shell:Creating package script '/home/user/modelidar/install/joy_node/share/joy_node/package.ps1'
[2.611s] INFO:colcon.colcon_core.shell:Creating package descriptor '/home/user/modelidar/install/joy_node/share/joy_node/package.dsv'
[2.611s] INFO:colcon.colcon_core.shell:Creating package script '/home/user/modelidar/install/joy_node/share/joy_node/package.sh'
[2.612s] INFO:colcon.colcon_core.shell:Creating package script '/home/user/modelidar/install/joy_node/share/joy_node/package.bash'
[2.614s] INFO:colcon.colcon_core.shell:Creating package script '/home/user/modelidar/install/joy_node/share/joy_node/package.zsh'
[2.615s] Level 1:colcon.colcon_core.environment:create_file_with_runtime_dependencies(/home/user/modelidar/install/joy_node/share/colcon-core/packages/joy_node)
[2.616s] INFO:colcon.colcon_ros.task.ament_python.build:Building ROS package in '/home/user/modelidar/src/rasberry' with build type 'ament_python'
[2.616s] Level 1:colcon.colcon_core.shell:create_environment_hook('rasberry', 'ament_prefix_path')
[2.617s] INFO:colcon.colcon_core.shell:Creating environment hook '/home/user/modelidar/install/rasberry/share/rasberry/hook/ament_prefix_path.ps1'
[2.617s] INFO:colcon.colcon_core.shell:Creating environment descriptor '/home/user/modelidar/install/rasberry/share/rasberry/hook/ament_prefix_path.dsv'
[2.618s] INFO:colcon.colcon_core.shell:Creating environment hook '/home/user/modelidar/install/rasberry/share/rasberry/hook/ament_prefix_path.sh'
[2.619s] INFO:colcon.colcon_core.shell:Skip shell extension 'powershell' for command environment: Not usable outside of PowerShell
[2.619s] DEBUG:colcon.colcon_core.shell:Skip shell extension 'dsv' for command environment
[2.623s] Level 1:colcon.colcon_core.environment:checking '/home/user/modelidar/install/communication_to_stm' for CMake module files
[2.623s] Level 1:colcon.colcon_core.environment:checking '/home/user/modelidar/install/communication_to_stm' for CMake config files
[2.623s] Level 1:colcon.colcon_core.environment:checking '/home/user/modelidar/install/communication_to_stm/lib'
[2.623s] Level 1:colcon.colcon_core.environment:checking '/home/user/modelidar/install/communication_to_stm/bin'
[2.623s] Level 1:colcon.colcon_core.environment:checking '/home/user/modelidar/install/communication_to_stm/lib/pkgconfig/communication_to_stm.pc'
[2.624s] Level 1:colcon.colcon_core.environment:checking '/home/user/modelidar/install/communication_to_stm/lib/python3.10/site-packages'
[2.624s] Level 1:colcon.colcon_core.shell:create_environment_hook('communication_to_stm', 'pythonpath')
[2.624s] INFO:colcon.colcon_core.shell:Creating environment hook '/home/user/modelidar/install/communication_to_stm/share/communication_to_stm/hook/pythonpath.ps1'
[2.625s] INFO:colcon.colcon_core.shell:Creating environment descriptor '/home/user/modelidar/install/communication_to_stm/share/communication_to_stm/hook/pythonpath.dsv'
[2.625s] INFO:colcon.colcon_core.shell:Creating environment hook '/home/user/modelidar/install/communication_to_stm/share/communication_to_stm/hook/pythonpath.sh'
[2.630s] DEBUG:colcon.colcon_core.event_handler.log_command:Invoked command in '/home/user/modelidar/src/communication_to_stm' returned '0': PYTHONPATH=/home/user/modelidar/build/communication_to_stm/prefix_override:/home/user/modelidar/install/communication_to_stm/lib/python3.10/site-packages:${PYTHONPATH} /usr/bin/python3 setup.py egg_info --egg-base ../../build/communication_to_stm build --build-base /home/user/modelidar/build/communication_to_stm/build install --record /home/user/modelidar/build/communication_to_stm/install.log --single-version-externally-managed
[2.631s] Level 1:colcon.colcon_core.environment:checking '/home/user/modelidar/install/communication_to_stm/bin'
[2.631s] Level 1:colcon.colcon_core.environment:create_environment_scripts_only(communication_to_stm)
[2.632s] INFO:colcon.colcon_core.shell:Creating package script '/home/user/modelidar/install/communication_to_stm/share/communication_to_stm/package.ps1'
[2.632s] INFO:colcon.colcon_core.shell:Creating package descriptor '/home/user/modelidar/install/communication_to_stm/share/communication_to_stm/package.dsv'
[2.633s] INFO:colcon.colcon_core.shell:Creating package script '/home/user/modelidar/install/communication_to_stm/share/communication_to_stm/package.sh'
[2.633s] INFO:colcon.colcon_core.shell:Creating package script '/home/user/modelidar/install/communication_to_stm/share/communication_to_stm/package.bash'
[2.633s] INFO:colcon.colcon_core.shell:Creating package script '/home/user/modelidar/install/communication_to_stm/share/communication_to_stm/package.zsh'
[2.633s] Level 1:colcon.colcon_core.environment:create_file_with_runtime_dependencies(/home/user/modelidar/install/communication_to_stm/share/colcon-core/packages/communication_to_stm)
[2.914s] INFO:colcon.colcon_core.task.python.build:Building Python package in '/home/user/modelidar/src/rasberry'
[2.915s] INFO:colcon.colcon_core.shell:Skip shell extension 'powershell' for command environment: Not usable outside of PowerShell
[2.915s] DEBUG:colcon.colcon_core.shell:Skip shell extension 'dsv' for command environment
[3.293s] DEBUG:colcon.colcon_core.event_handler.log_command:Invoking command in '/home/user/modelidar/src/rasberry': PYTHONPATH=/home/user/modelidar/build/rasberry/prefix_override:/home/user/modelidar/install/rasberry/lib/python3.10/site-packages:${PYTHONPATH} /usr/bin/python3 setup.py egg_info --egg-base ../../build/rasberry build --build-base /home/user/modelidar/build/rasberry/build install --record /home/user/modelidar/build/rasberry/install.log --single-version-externally-managed
[3.550s] Level 1:colcon.colcon_core.environment:checking '/home/user/modelidar/install/rasberry' for CMake module files
[3.550s] Level 1:colcon.colcon_core.environment:checking '/home/user/modelidar/install/rasberry' for CMake config files
[3.550s] Level 1:colcon.colcon_core.environment:checking '/home/user/modelidar/install/rasberry/lib'
[3.551s] Level 1:colcon.colcon_core.environment:checking '/home/user/modelidar/install/rasberry/bin'
[3.551s] Level 1:colcon.colcon_core.environment:checking '/home/user/modelidar/install/rasberry/lib/pkgconfig/rasberry.pc'
[3.551s] Level 1:colcon.colcon_core.environment:checking '/home/user/modelidar/install/rasberry/lib/python3.10/site-packages'
[3.551s] Level 1:colcon.colcon_core.shell:create_environment_hook('rasberry', 'pythonpath')
[3.552s] INFO:colcon.colcon_core.shell:Creating environment hook '/home/user/modelidar/install/rasberry/share/rasberry/hook/pythonpath.ps1'
[3.552s] INFO:colcon.colcon_core.shell:Creating environment descriptor '/home/user/modelidar/install/rasberry/share/rasberry/hook/pythonpath.dsv'
[3.552s] INFO:colcon.colcon_core.shell:Creating environment hook '/home/user/modelidar/install/rasberry/share/rasberry/hook/pythonpath.sh'
[3.552s] Level 1:colcon.colcon_core.environment:checking '/home/user/modelidar/install/rasberry/bin'
[3.552s] Level 1:colcon.colcon_core.environment:create_environment_scripts_only(rasberry)
[3.559s] INFO:colcon.colcon_core.shell:Creating package script '/home/user/modelidar/install/rasberry/share/rasberry/package.ps1'
[3.559s] DEBUG:colcon.colcon_core.event_handler.log_command:Invoked command in '/home/user/modelidar/src/rasberry' returned '0': PYTHONPATH=/home/user/modelidar/build/rasberry/prefix_override:/home/user/modelidar/install/rasberry/lib/python3.10/site-packages:${PYTHONPATH} /usr/bin/python3 setup.py egg_info --egg-base ../../build/rasberry build --build-base /home/user/modelidar/build/rasberry/build install --record /home/user/modelidar/build/rasberry/install.log --single-version-externally-managed
[3.560s] INFO:colcon.colcon_core.shell:Creating package descriptor '/home/user/modelidar/install/rasberry/share/rasberry/package.dsv'
[3.560s] INFO:colcon.colcon_core.shell:Creating package script '/home/user/modelidar/install/rasberry/share/rasberry/package.sh'
[3.560s] INFO:colcon.colcon_core.shell:Creating package script '/home/user/modelidar/install/rasberry/share/rasberry/package.bash'
[3.561s] INFO:colcon.colcon_core.shell:Creating package script '/home/user/modelidar/install/rasberry/share/rasberry/package.zsh'
[3.561s] Level 1:colcon.colcon_core.environment:create_file_with_runtime_dependencies(/home/user/modelidar/install/rasberry/share/colcon-core/packages/rasberry)
[3.561s] DEBUG:colcon.colcon_parallel_executor.executor.parallel:closing loop
[3.561s] DEBUG:colcon.colcon_parallel_executor.executor.parallel:loop closed
[3.561s] DEBUG:colcon.colcon_parallel_executor.executor.parallel:run_until_complete finished with '0'
[3.561s] DEBUG:colcon.colcon_core.event_reactor:joining thread
[3.601s] INFO:colcon.colcon_core.plugin_system:Skipping extension 'colcon_notification.desktop_notification.terminal_notifier': Not used on non-Darwin systems
[3.601s] INFO:colcon.colcon_core.plugin_system:Skipping extension 'colcon_notification.desktop_notification.win32': Not used on non-Windows systems
[3.601s] INFO:colcon.colcon_notification.desktop_notification:Sending desktop notification using 'notify2'
[3.726s] DEBUG:colcon.colcon_core.event_reactor:joined thread
[3.727s] INFO:colcon.colcon_core.shell:Creating prefix script '/home/user/modelidar/install/local_setup.ps1'
[3.729s] INFO:colcon.colcon_core.shell:Creating prefix util module '/home/user/modelidar/install/_local_setup_util_ps1.py'
[3.734s] INFO:colcon.colcon_core.shell:Creating prefix chain script '/home/user/modelidar/install/setup.ps1'
[3.740s] INFO:colcon.colcon_core.shell:Creating prefix script '/home/user/modelidar/install/local_setup.sh'
[3.745s] INFO:colcon.colcon_core.shell:Creating prefix util module '/home/user/modelidar/install/_local_setup_util_sh.py'
[3.745s] INFO:colcon.colcon_core.shell:Creating prefix chain script '/home/user/modelidar/install/setup.sh'
[3.747s] INFO:colcon.colcon_core.shell:Creating prefix script '/home/user/modelidar/install/local_setup.bash'
[3.748s] INFO:colcon.colcon_core.shell:Creating prefix chain script '/home/user/modelidar/install/setup.bash'
[3.754s] INFO:colcon.colcon_core.shell:Creating prefix script '/home/user/modelidar/install/local_setup.zsh'
[3.754s] INFO:colcon.colcon_core.shell:Creating prefix chain script '/home/user/modelidar/install/setup.zsh'
