running egg_info
writing ../../build/joy_node/joy_node.egg-info/PKG-INFO
writing dependency_links to ../../build/joy_node/joy_node.egg-info/dependency_links.txt
writing entry points to ../../build/joy_node/joy_node.egg-info/entry_points.txt
writing requirements to ../../build/joy_node/joy_node.egg-info/requires.txt
writing top-level names to ../../build/joy_node/joy_node.egg-info/top_level.txt
reading manifest file '../../build/joy_node/joy_node.egg-info/SOURCES.txt'
writing manifest file '../../build/joy_node/joy_node.egg-info/SOURCES.txt'
running build
running build_py
copying joy_node/joystick_node.py -> /home/user/modelidar/build/joy_node/build/lib/joy_node
running install
running install_lib
copying /home/user/modelidar/build/joy_node/build/lib/joy_node/joystick_node.py -> /home/user/modelidar/install/joy_node/lib/python3.10/site-packages/joy_node
byte-compiling /home/user/modelidar/install/joy_node/lib/python3.10/site-packages/joy_node/joystick_node.py to joystick_node.cpython-310.pyc
running install_data
running install_egg_info
removing '/home/user/modelidar/install/joy_node/lib/python3.10/site-packages/joy_node-0.0.0-py3.10.egg-info' (and everything under it)
Copying ../../build/joy_node/joy_node.egg-info to /home/user/modelidar/install/joy_node/lib/python3.10/site-packages/joy_node-0.0.0-py3.10.egg-info
running install_scripts
writing list of installed files to '/home/user/modelidar/build/joy_node/install.log'
