[1.037s] Invoking command in '/home/user/modelidar/src/joy_node': PYTHONPATH=/home/user/modelidar/build/joy_node/prefix_override:/home/user/modelidar/install/joy_node/lib/python3.10/site-packages:${PYTHONPATH} /usr/bin/python3 setup.py egg_info --egg-base ../../build/joy_node build --build-base /home/user/modelidar/build/joy_node/build install --record /home/user/modelidar/build/joy_node/install.log --single-version-externally-managed
[1.311s] running egg_info
[1.312s] writing ../../build/joy_node/joy_node.egg-info/PKG-INFO
[1.316s] writing dependency_links to ../../build/joy_node/joy_node.egg-info/dependency_links.txt
[1.317s] writing entry points to ../../build/joy_node/joy_node.egg-info/entry_points.txt
[1.317s] writing requirements to ../../build/joy_node/joy_node.egg-info/requires.txt
[1.317s] writing top-level names to ../../build/joy_node/joy_node.egg-info/top_level.txt
[1.321s] reading manifest file '../../build/joy_node/joy_node.egg-info/SOURCES.txt'
[1.324s] writing manifest file '../../build/joy_node/joy_node.egg-info/SOURCES.txt'
[1.324s] running build
[1.324s] running build_py
[1.325s] copying joy_node/joystick_node.py -> /home/user/modelidar/build/joy_node/build/lib/joy_node
[1.325s] running install
[1.325s] running install_lib
[1.326s] copying /home/user/modelidar/build/joy_node/build/lib/joy_node/joystick_node.py -> /home/user/modelidar/install/joy_node/lib/python3.10/site-packages/joy_node
[1.326s] byte-compiling /home/user/modelidar/install/joy_node/lib/python3.10/site-packages/joy_node/joystick_node.py to joystick_node.cpython-310.pyc
[1.327s] running install_data
[1.327s] running install_egg_info
[1.329s] removing '/home/user/modelidar/install/joy_node/lib/python3.10/site-packages/joy_node-0.0.0-py3.10.egg-info' (and everything under it)
[1.329s] Copying ../../build/joy_node/joy_node.egg-info to /home/user/modelidar/install/joy_node/lib/python3.10/site-packages/joy_node-0.0.0-py3.10.egg-info
[1.330s] running install_scripts
[1.346s] writing list of installed files to '/home/user/modelidar/build/joy_node/install.log'
[1.391s] Invoked command in '/home/user/modelidar/src/joy_node' returned '0': PYTHONPATH=/home/user/modelidar/build/joy_node/prefix_override:/home/user/modelidar/install/joy_node/lib/python3.10/site-packages:${PYTHONPATH} /usr/bin/python3 setup.py egg_info --egg-base ../../build/joy_node build --build-base /home/user/modelidar/build/joy_node/build install --record /home/user/modelidar/build/joy_node/install.log --single-version-externally-managed
