[0.527s] DEBUG:colcon:Command line arguments: ['/usr/bin/colcon', 'build']
[0.527s] DEBUG:colcon:Parsed command line arguments: Namespace(log_base=None, log_level=None, verb_name='build', build_base='build', install_base='install', merge_install=False, symlink_install=False, test_result_base=None, continue_on_error=False, executor='parallel', parallel_workers=2, event_handlers=None, ignore_user_meta=False, metas=['./colcon.meta'], base_paths=['.'], packages_ignore=None, packages_ignore_regex=None, paths=None, packages_up_to=None, packages_up_to_regex=None, packages_above=None, packages_above_and_dependencies=None, packages_above_depth=None, packages_select_by_dep=None, packages_skip_by_dep=None, packages_skip_up_to=None, packages_select_build_failed=False, packages_skip_build_finished=False, packages_select_test_failures=False, packages_skip_test_passed=False, packages_select=None, packages_skip=None, packages_select_regex=None, packages_skip_regex=None, packages_start=None, packages_end=None, allow_overriding=[], cmake_args=None, cmake_target=None, cmake_target_skip_unavailable=False, cmake_clean_cache=False, cmake_clean_first=False, cmake_force_configure=False, ament_cmake_args=None, catkin_cmake_args=None, catkin_skip_building_tests=False, verb_parser=<colcon_defaults.argument_parser.defaults.DefaultArgumentsDecorator object at 0x7f8880fcbee0>, verb_extension=<colcon_core.verb.build.BuildVerb object at 0x7f8880e57130>, main=<bound method BuildVerb.main of <colcon_core.verb.build.BuildVerb object at 0x7f8880e57130>>)
[0.592s] Level 1:colcon.colcon_core.package_discovery:discover_packages(colcon_meta) check parameters
[0.592s] Level 1:colcon.colcon_core.package_discovery:discover_packages(recursive) check parameters
[0.592s] Level 1:colcon.colcon_core.package_discovery:discover_packages(ignore) check parameters
[0.592s] Level 1:colcon.colcon_core.package_discovery:discover_packages(path) check parameters
[0.592s] Level 1:colcon.colcon_core.package_discovery:discover_packages(colcon_meta) discover
[0.592s] Level 1:colcon.colcon_core.package_discovery:discover_packages(recursive) discover
[0.592s] INFO:colcon.colcon_core.package_discovery:Crawling recursively for packages in '/home/user/modelidar'
[0.592s] Level 1:colcon.colcon_core.package_identification:_identify(.) by extensions ['ignore', 'ignore_ament_install']
[0.593s] Level 1:colcon.colcon_core.package_identification:_identify(.) by extension 'ignore'
[0.593s] Level 1:colcon.colcon_core.package_identification:_identify(.) by extension 'ignore_ament_install'
[0.593s] Level 1:colcon.colcon_core.package_identification:_identify(.) by extensions ['colcon_pkg']
[0.593s] Level 1:colcon.colcon_core.package_identification:_identify(.) by extension 'colcon_pkg'
[0.593s] Level 1:colcon.colcon_core.package_identification:_identify(.) by extensions ['colcon_meta']
[0.593s] Level 1:colcon.colcon_core.package_identification:_identify(.) by extension 'colcon_meta'
[0.593s] Level 1:colcon.colcon_core.package_identification:_identify(.) by extensions ['ros']
[0.593s] Level 1:colcon.colcon_core.package_identification:_identify(.) by extension 'ros'
[0.602s] Level 1:colcon.colcon_core.package_identification:_identify(.) by extensions ['cmake', 'python']
[0.603s] Level 1:colcon.colcon_core.package_identification:_identify(.) by extension 'cmake'
[0.603s] Level 1:colcon.colcon_core.package_identification:_identify(.) by extension 'python'
[0.603s] Level 1:colcon.colcon_core.package_identification:_identify(.) by extensions ['python_setup_py']
[0.603s] Level 1:colcon.colcon_core.package_identification:_identify(.) by extension 'python_setup_py'
[0.604s] Level 1:colcon.colcon_core.package_identification:_identify(build) by extensions ['ignore', 'ignore_ament_install']
[0.604s] Level 1:colcon.colcon_core.package_identification:_identify(build) by extension 'ignore'
[0.604s] Level 1:colcon.colcon_core.package_identification:_identify(build) ignored
[0.604s] Level 1:colcon.colcon_core.package_identification:_identify(install) by extensions ['ignore', 'ignore_ament_install']
[0.604s] Level 1:colcon.colcon_core.package_identification:_identify(install) by extension 'ignore'
[0.604s] Level 1:colcon.colcon_core.package_identification:_identify(install) ignored
[0.604s] Level 1:colcon.colcon_core.package_identification:_identify(log) by extensions ['ignore', 'ignore_ament_install']
[0.604s] Level 1:colcon.colcon_core.package_identification:_identify(log) by extension 'ignore'
[0.604s] Level 1:colcon.colcon_core.package_identification:_identify(log) ignored
[0.604s] Level 1:colcon.colcon_core.package_identification:_identify(src) by extensions ['ignore', 'ignore_ament_install']
[0.604s] Level 1:colcon.colcon_core.package_identification:_identify(src) by extension 'ignore'
[0.604s] Level 1:colcon.colcon_core.package_identification:_identify(src) by extension 'ignore_ament_install'
[0.604s] Level 1:colcon.colcon_core.package_identification:_identify(src) by extensions ['colcon_pkg']
[0.604s] Level 1:colcon.colcon_core.package_identification:_identify(src) by extension 'colcon_pkg'
[0.604s] Level 1:colcon.colcon_core.package_identification:_identify(src) by extensions ['colcon_meta']
[0.604s] Level 1:colcon.colcon_core.package_identification:_identify(src) by extension 'colcon_meta'
[0.604s] Level 1:colcon.colcon_core.package_identification:_identify(src) by extensions ['ros']
[0.604s] Level 1:colcon.colcon_core.package_identification:_identify(src) by extension 'ros'
[0.605s] Level 1:colcon.colcon_core.package_identification:_identify(src) by extensions ['cmake', 'python']
[0.605s] Level 1:colcon.colcon_core.package_identification:_identify(src) by extension 'cmake'
[0.605s] Level 1:colcon.colcon_core.package_identification:_identify(src) by extension 'python'
[0.605s] Level 1:colcon.colcon_core.package_identification:_identify(src) by extensions ['python_setup_py']
[0.605s] Level 1:colcon.colcon_core.package_identification:_identify(src) by extension 'python_setup_py'
[0.605s] Level 1:colcon.colcon_core.package_identification:_identify(src/joy_node) by extensions ['ignore', 'ignore_ament_install']
[0.605s] Level 1:colcon.colcon_core.package_identification:_identify(src/joy_node) by extension 'ignore'
[0.605s] Level 1:colcon.colcon_core.package_identification:_identify(src/joy_node) by extension 'ignore_ament_install'
[0.605s] Level 1:colcon.colcon_core.package_identification:_identify(src/joy_node) by extensions ['colcon_pkg']
[0.605s] Level 1:colcon.colcon_core.package_identification:_identify(src/joy_node) by extension 'colcon_pkg'
[0.605s] Level 1:colcon.colcon_core.package_identification:_identify(src/joy_node) by extensions ['colcon_meta']
[0.605s] Level 1:colcon.colcon_core.package_identification:_identify(src/joy_node) by extension 'colcon_meta'
[0.605s] Level 1:colcon.colcon_core.package_identification:_identify(src/joy_node) by extensions ['ros']
[0.605s] Level 1:colcon.colcon_core.package_identification:_identify(src/joy_node) by extension 'ros'
[0.612s] DEBUG:colcon.colcon_core.package_identification:Package 'src/joy_node' with type 'ros.ament_python' and name 'joy_node'
[0.612s] Level 1:colcon.colcon_core.package_identification:_identify(src/rasberry) by extensions ['ignore', 'ignore_ament_install']
[0.612s] Level 1:colcon.colcon_core.package_identification:_identify(src/rasberry) by extension 'ignore'
[0.612s] Level 1:colcon.colcon_core.package_identification:_identify(src/rasberry) by extension 'ignore_ament_install'
[0.612s] Level 1:colcon.colcon_core.package_identification:_identify(src/rasberry) by extensions ['colcon_pkg']
[0.612s] Level 1:colcon.colcon_core.package_identification:_identify(src/rasberry) by extension 'colcon_pkg'
[0.612s] Level 1:colcon.colcon_core.package_identification:_identify(src/rasberry) by extensions ['colcon_meta']
[0.612s] Level 1:colcon.colcon_core.package_identification:_identify(src/rasberry) by extension 'colcon_meta'
[0.613s] Level 1:colcon.colcon_core.package_identification:_identify(src/rasberry) by extensions ['ros']
[0.613s] Level 1:colcon.colcon_core.package_identification:_identify(src/rasberry) by extension 'ros'
[0.613s] DEBUG:colcon.colcon_core.package_identification:Package 'src/rasberry' with type 'ros.ament_python' and name 'rasberry'
[0.613s] Level 1:colcon.colcon_core.package_identification:_identify(src/road_to_autonomy) by extensions ['ignore', 'ignore_ament_install']
[0.613s] Level 1:colcon.colcon_core.package_identification:_identify(src/road_to_autonomy) by extension 'ignore'
[0.613s] Level 1:colcon.colcon_core.package_identification:_identify(src/road_to_autonomy) by extension 'ignore_ament_install'
[0.613s] Level 1:colcon.colcon_core.package_identification:_identify(src/road_to_autonomy) by extensions ['colcon_pkg']
[0.613s] Level 1:colcon.colcon_core.package_identification:_identify(src/road_to_autonomy) by extension 'colcon_pkg'
[0.613s] Level 1:colcon.colcon_core.package_identification:_identify(src/road_to_autonomy) by extensions ['colcon_meta']
[0.613s] Level 1:colcon.colcon_core.package_identification:_identify(src/road_to_autonomy) by extension 'colcon_meta'
[0.613s] Level 1:colcon.colcon_core.package_identification:_identify(src/road_to_autonomy) by extensions ['ros']
[0.613s] Level 1:colcon.colcon_core.package_identification:_identify(src/road_to_autonomy) by extension 'ros'
[0.614s] DEBUG:colcon.colcon_core.package_identification:Package 'src/road_to_autonomy' with type 'ros.ament_python' and name 'road_to_autonomy'
[0.614s] Level 1:colcon.colcon_core.package_discovery:discover_packages(recursive) using defaults
[0.614s] Level 1:colcon.colcon_core.package_discovery:discover_packages(ignore) discover
[0.614s] Level 1:colcon.colcon_core.package_discovery:discover_packages(ignore) using defaults
[0.614s] Level 1:colcon.colcon_core.package_discovery:discover_packages(path) discover
[0.614s] Level 1:colcon.colcon_core.package_discovery:discover_packages(path) using defaults
[0.651s] Level 1:colcon.colcon_core.package_discovery:discover_packages(prefix_path) check parameters
[0.651s] Level 1:colcon.colcon_core.package_discovery:discover_packages(prefix_path) discover
[0.660s] DEBUG:colcon.colcon_installed_package_information.package_discovery:Found 380 installed packages in /opt/ros/humble
[0.662s] Level 1:colcon.colcon_core.package_discovery:discover_packages(prefix_path) using defaults
[0.790s] Level 5:colcon.colcon_core.verb:set package 'joy_node' build argument 'cmake_args' from command line to 'None'
[0.790s] Level 5:colcon.colcon_core.verb:set package 'joy_node' build argument 'cmake_target' from command line to 'None'
[0.791s] Level 5:colcon.colcon_core.verb:set package 'joy_node' build argument 'cmake_target_skip_unavailable' from command line to 'False'
[0.791s] Level 5:colcon.colcon_core.verb:set package 'joy_node' build argument 'cmake_clean_cache' from command line to 'False'
[0.791s] Level 5:colcon.colcon_core.verb:set package 'joy_node' build argument 'cmake_clean_first' from command line to 'False'
[0.791s] Level 5:colcon.colcon_core.verb:set package 'joy_node' build argument 'cmake_force_configure' from command line to 'False'
[0.791s] Level 5:colcon.colcon_core.verb:set package 'joy_node' build argument 'ament_cmake_args' from command line to 'None'
[0.791s] Level 5:colcon.colcon_core.verb:set package 'joy_node' build argument 'catkin_cmake_args' from command line to 'None'
[0.791s] Level 5:colcon.colcon_core.verb:set package 'joy_node' build argument 'catkin_skip_building_tests' from command line to 'False'
[0.791s] DEBUG:colcon.colcon_core.verb:Building package 'joy_node' with the following arguments: {'ament_cmake_args': None, 'build_base': '/home/user/modelidar/build/joy_node', 'catkin_cmake_args': None, 'catkin_skip_building_tests': False, 'cmake_args': None, 'cmake_clean_cache': False, 'cmake_clean_first': False, 'cmake_force_configure': False, 'cmake_target': None, 'cmake_target_skip_unavailable': False, 'install_base': '/home/user/modelidar/install/joy_node', 'merge_install': False, 'path': '/home/user/modelidar/src/joy_node', 'symlink_install': False, 'test_result_base': None}
[0.792s] Level 5:colcon.colcon_core.verb:set package 'rasberry' build argument 'cmake_args' from command line to 'None'
[0.792s] Level 5:colcon.colcon_core.verb:set package 'rasberry' build argument 'cmake_target' from command line to 'None'
[0.792s] Level 5:colcon.colcon_core.verb:set package 'rasberry' build argument 'cmake_target_skip_unavailable' from command line to 'False'
[0.792s] Level 5:colcon.colcon_core.verb:set package 'rasberry' build argument 'cmake_clean_cache' from command line to 'False'
[0.792s] Level 5:colcon.colcon_core.verb:set package 'rasberry' build argument 'cmake_clean_first' from command line to 'False'
[0.792s] Level 5:colcon.colcon_core.verb:set package 'rasberry' build argument 'cmake_force_configure' from command line to 'False'
[0.792s] Level 5:colcon.colcon_core.verb:set package 'rasberry' build argument 'ament_cmake_args' from command line to 'None'
[0.792s] Level 5:colcon.colcon_core.verb:set package 'rasberry' build argument 'catkin_cmake_args' from command line to 'None'
[0.792s] Level 5:colcon.colcon_core.verb:set package 'rasberry' build argument 'catkin_skip_building_tests' from command line to 'False'
[0.792s] DEBUG:colcon.colcon_core.verb:Building package 'rasberry' with the following arguments: {'ament_cmake_args': None, 'build_base': '/home/user/modelidar/build/rasberry', 'catkin_cmake_args': None, 'catkin_skip_building_tests': False, 'cmake_args': None, 'cmake_clean_cache': False, 'cmake_clean_first': False, 'cmake_force_configure': False, 'cmake_target': None, 'cmake_target_skip_unavailable': False, 'install_base': '/home/user/modelidar/install/rasberry', 'merge_install': False, 'path': '/home/user/modelidar/src/rasberry', 'symlink_install': False, 'test_result_base': None}
[0.793s] Level 5:colcon.colcon_core.verb:set package 'road_to_autonomy' build argument 'cmake_args' from command line to 'None'
[0.793s] Level 5:colcon.colcon_core.verb:set package 'road_to_autonomy' build argument 'cmake_target' from command line to 'None'
[0.793s] Level 5:colcon.colcon_core.verb:set package 'road_to_autonomy' build argument 'cmake_target_skip_unavailable' from command line to 'False'
[0.793s] Level 5:colcon.colcon_core.verb:set package 'road_to_autonomy' build argument 'cmake_clean_cache' from command line to 'False'
[0.793s] Level 5:colcon.colcon_core.verb:set package 'road_to_autonomy' build argument 'cmake_clean_first' from command line to 'False'
[0.793s] Level 5:colcon.colcon_core.verb:set package 'road_to_autonomy' build argument 'cmake_force_configure' from command line to 'False'
[0.793s] Level 5:colcon.colcon_core.verb:set package 'road_to_autonomy' build argument 'ament_cmake_args' from command line to 'None'
[0.793s] Level 5:colcon.colcon_core.verb:set package 'road_to_autonomy' build argument 'catkin_cmake_args' from command line to 'None'
[0.793s] Level 5:colcon.colcon_core.verb:set package 'road_to_autonomy' build argument 'catkin_skip_building_tests' from command line to 'False'
[0.793s] DEBUG:colcon.colcon_core.verb:Building package 'road_to_autonomy' with the following arguments: {'ament_cmake_args': None, 'build_base': '/home/user/modelidar/build/road_to_autonomy', 'catkin_cmake_args': None, 'catkin_skip_building_tests': False, 'cmake_args': None, 'cmake_clean_cache': False, 'cmake_clean_first': False, 'cmake_force_configure': False, 'cmake_target': None, 'cmake_target_skip_unavailable': False, 'install_base': '/home/user/modelidar/install/road_to_autonomy', 'merge_install': False, 'path': '/home/user/modelidar/src/road_to_autonomy', 'symlink_install': False, 'test_result_base': None}
[0.794s] INFO:colcon.colcon_core.executor:Executing jobs using 'parallel' executor
[0.796s] DEBUG:colcon.colcon_parallel_executor.executor.parallel:run_until_complete
[0.797s] INFO:colcon.colcon_ros.task.ament_python.build:Building ROS package in '/home/user/modelidar/src/joy_node' with build type 'ament_python'
[0.797s] Level 1:colcon.colcon_core.shell:create_environment_hook('joy_node', 'ament_prefix_path')
[0.804s] INFO:colcon.colcon_core.plugin_system:Skipping extension 'colcon_core.shell.bat': Not used on non-Windows systems
[0.804s] INFO:colcon.colcon_core.shell:Creating environment hook '/home/user/modelidar/install/joy_node/share/joy_node/hook/ament_prefix_path.ps1'
[0.805s] INFO:colcon.colcon_core.shell:Creating environment descriptor '/home/user/modelidar/install/joy_node/share/joy_node/hook/ament_prefix_path.dsv'
[0.806s] INFO:colcon.colcon_core.shell:Creating environment hook '/home/user/modelidar/install/joy_node/share/joy_node/hook/ament_prefix_path.sh'
[0.811s] INFO:colcon.colcon_core.shell:Skip shell extension 'powershell' for command environment: Not usable outside of PowerShell
[0.812s] DEBUG:colcon.colcon_core.shell:Skip shell extension 'dsv' for command environment
[0.816s] INFO:colcon.colcon_ros.task.ament_python.build:Building ROS package in '/home/user/modelidar/src/rasberry' with build type 'ament_python'
[0.816s] Level 1:colcon.colcon_core.shell:create_environment_hook('rasberry', 'ament_prefix_path')
[0.817s] INFO:colcon.colcon_core.shell:Creating environment hook '/home/user/modelidar/install/rasberry/share/rasberry/hook/ament_prefix_path.ps1'
[0.821s] INFO:colcon.colcon_core.shell:Creating environment descriptor '/home/user/modelidar/install/rasberry/share/rasberry/hook/ament_prefix_path.dsv'
[0.821s] INFO:colcon.colcon_core.shell:Creating environment hook '/home/user/modelidar/install/rasberry/share/rasberry/hook/ament_prefix_path.sh'
[0.823s] INFO:colcon.colcon_core.shell:Skip shell extension 'powershell' for command environment: Not usable outside of PowerShell
[0.824s] DEBUG:colcon.colcon_core.shell:Skip shell extension 'dsv' for command environment
[1.072s] INFO:colcon.colcon_core.task.python.build:Building Python package in '/home/user/modelidar/src/joy_node'
[1.073s] INFO:colcon.colcon_core.shell:Skip shell extension 'powershell' for command environment: Not usable outside of PowerShell
[1.073s] DEBUG:colcon.colcon_core.shell:Skip shell extension 'dsv' for command environment
[1.319s] INFO:colcon.colcon_core.task.python.build:Building Python package in '/home/user/modelidar/src/rasberry'
[1.320s] INFO:colcon.colcon_core.shell:Skip shell extension 'powershell' for command environment: Not usable outside of PowerShell
[1.320s] DEBUG:colcon.colcon_core.shell:Skip shell extension 'dsv' for command environment
[1.834s] DEBUG:colcon.colcon_core.event_handler.log_command:Invoking command in '/home/user/modelidar/src/joy_node': PYTHONPATH=/home/user/modelidar/build/joy_node/prefix_override:/home/user/modelidar/install/joy_node/lib/python3.10/site-packages:${PYTHONPATH} /usr/bin/python3 setup.py egg_info --egg-base ../../build/joy_node build --build-base /home/user/modelidar/build/joy_node/build install --record /home/user/modelidar/build/joy_node/install.log --single-version-externally-managed
[1.837s] DEBUG:colcon.colcon_core.event_handler.log_command:Invoking command in '/home/user/modelidar/src/rasberry': PYTHONPATH=/home/user/modelidar/build/rasberry/prefix_override:/home/user/modelidar/install/rasberry/lib/python3.10/site-packages:${PYTHONPATH} /usr/bin/python3 setup.py egg_info --egg-base ../../build/rasberry build --build-base /home/user/modelidar/build/rasberry/build install --record /home/user/modelidar/build/rasberry/install.log --single-version-externally-managed
[2.188s] DEBUG:colcon.colcon_core.event_handler.log_command:Invoked command in '/home/user/modelidar/src/joy_node' returned '0': PYTHONPATH=/home/user/modelidar/build/joy_node/prefix_override:/home/user/modelidar/install/joy_node/lib/python3.10/site-packages:${PYTHONPATH} /usr/bin/python3 setup.py egg_info --egg-base ../../build/joy_node build --build-base /home/user/modelidar/build/joy_node/build install --record /home/user/modelidar/build/joy_node/install.log --single-version-externally-managed
[2.195s] Level 1:colcon.colcon_core.environment:checking '/home/user/modelidar/install/joy_node' for CMake module files
[2.196s] Level 1:colcon.colcon_core.environment:checking '/home/user/modelidar/install/joy_node' for CMake config files
[2.198s] Level 1:colcon.colcon_core.environment:checking '/home/user/modelidar/install/joy_node/lib'
[2.198s] Level 1:colcon.colcon_core.environment:checking '/home/user/modelidar/install/joy_node/bin'
[2.198s] Level 1:colcon.colcon_core.environment:checking '/home/user/modelidar/install/joy_node/lib/pkgconfig/joy_node.pc'
[2.198s] Level 1:colcon.colcon_core.environment:checking '/home/user/modelidar/install/joy_node/lib/python3.10/site-packages'
[2.198s] Level 1:colcon.colcon_core.shell:create_environment_hook('joy_node', 'pythonpath')
[2.200s] INFO:colcon.colcon_core.shell:Creating environment hook '/home/user/modelidar/install/joy_node/share/joy_node/hook/pythonpath.ps1'
[2.200s] INFO:colcon.colcon_core.shell:Creating environment descriptor '/home/user/modelidar/install/joy_node/share/joy_node/hook/pythonpath.dsv'
[2.201s] INFO:colcon.colcon_core.shell:Creating environment hook '/home/user/modelidar/install/joy_node/share/joy_node/hook/pythonpath.sh'
[2.202s] Level 1:colcon.colcon_core.environment:checking '/home/user/modelidar/install/joy_node/bin'
[2.202s] Level 1:colcon.colcon_core.environment:create_environment_scripts_only(joy_node)
[2.203s] INFO:colcon.colcon_core.shell:Creating package script '/home/user/modelidar/install/joy_node/share/joy_node/package.ps1'
[2.204s] INFO:colcon.colcon_core.shell:Creating package descriptor '/home/user/modelidar/install/joy_node/share/joy_node/package.dsv'
[2.205s] INFO:colcon.colcon_core.shell:Creating package script '/home/user/modelidar/install/joy_node/share/joy_node/package.sh'
[2.206s] INFO:colcon.colcon_core.shell:Creating package script '/home/user/modelidar/install/joy_node/share/joy_node/package.bash'
[2.207s] INFO:colcon.colcon_core.shell:Creating package script '/home/user/modelidar/install/joy_node/share/joy_node/package.zsh'
[2.208s] Level 1:colcon.colcon_core.environment:create_file_with_runtime_dependencies(/home/user/modelidar/install/joy_node/share/colcon-core/packages/joy_node)
[2.210s] INFO:colcon.colcon_ros.task.ament_python.build:Building ROS package in '/home/user/modelidar/src/road_to_autonomy' with build type 'ament_python'
[2.210s] Level 1:colcon.colcon_core.shell:create_environment_hook('road_to_autonomy', 'ament_prefix_path')
[2.212s] INFO:colcon.colcon_core.shell:Creating environment hook '/home/user/modelidar/install/road_to_autonomy/share/road_to_autonomy/hook/ament_prefix_path.ps1'
[2.214s] INFO:colcon.colcon_core.shell:Creating environment descriptor '/home/user/modelidar/install/road_to_autonomy/share/road_to_autonomy/hook/ament_prefix_path.dsv'
[2.214s] INFO:colcon.colcon_core.shell:Creating environment hook '/home/user/modelidar/install/road_to_autonomy/share/road_to_autonomy/hook/ament_prefix_path.sh'
[2.216s] INFO:colcon.colcon_core.shell:Skip shell extension 'powershell' for command environment: Not usable outside of PowerShell
[2.216s] DEBUG:colcon.colcon_core.shell:Skip shell extension 'dsv' for command environment
[2.225s] Level 1:colcon.colcon_core.environment:checking '/home/user/modelidar/install/rasberry' for CMake module files
[2.226s] DEBUG:colcon.colcon_core.event_handler.log_command:Invoked command in '/home/user/modelidar/src/rasberry' returned '0': PYTHONPATH=/home/user/modelidar/build/rasberry/prefix_override:/home/user/modelidar/install/rasberry/lib/python3.10/site-packages:${PYTHONPATH} /usr/bin/python3 setup.py egg_info --egg-base ../../build/rasberry build --build-base /home/user/modelidar/build/rasberry/build install --record /home/user/modelidar/build/rasberry/install.log --single-version-externally-managed
[2.226s] Level 1:colcon.colcon_core.environment:checking '/home/user/modelidar/install/rasberry' for CMake config files
[2.227s] Level 1:colcon.colcon_core.environment:checking '/home/user/modelidar/install/rasberry/lib'
[2.227s] Level 1:colcon.colcon_core.environment:checking '/home/user/modelidar/install/rasberry/bin'
[2.227s] Level 1:colcon.colcon_core.environment:checking '/home/user/modelidar/install/rasberry/lib/pkgconfig/rasberry.pc'
[2.228s] Level 1:colcon.colcon_core.environment:checking '/home/user/modelidar/install/rasberry/lib/python3.10/site-packages'
[2.228s] Level 1:colcon.colcon_core.shell:create_environment_hook('rasberry', 'pythonpath')
[2.229s] INFO:colcon.colcon_core.shell:Creating environment hook '/home/user/modelidar/install/rasberry/share/rasberry/hook/pythonpath.ps1'
[2.229s] INFO:colcon.colcon_core.shell:Creating environment descriptor '/home/user/modelidar/install/rasberry/share/rasberry/hook/pythonpath.dsv'
[2.230s] INFO:colcon.colcon_core.shell:Creating environment hook '/home/user/modelidar/install/rasberry/share/rasberry/hook/pythonpath.sh'
[2.230s] Level 1:colcon.colcon_core.environment:checking '/home/user/modelidar/install/rasberry/bin'
[2.230s] Level 1:colcon.colcon_core.environment:create_environment_scripts_only(rasberry)
[2.232s] INFO:colcon.colcon_core.shell:Creating package script '/home/user/modelidar/install/rasberry/share/rasberry/package.ps1'
[2.232s] INFO:colcon.colcon_core.shell:Creating package descriptor '/home/user/modelidar/install/rasberry/share/rasberry/package.dsv'
[2.233s] INFO:colcon.colcon_core.shell:Creating package script '/home/user/modelidar/install/rasberry/share/rasberry/package.sh'
[2.233s] INFO:colcon.colcon_core.shell:Creating package script '/home/user/modelidar/install/rasberry/share/rasberry/package.bash'
[2.234s] INFO:colcon.colcon_core.shell:Creating package script '/home/user/modelidar/install/rasberry/share/rasberry/package.zsh'
[2.234s] Level 1:colcon.colcon_core.environment:create_file_with_runtime_dependencies(/home/user/modelidar/install/rasberry/share/colcon-core/packages/rasberry)
[2.468s] INFO:colcon.colcon_core.task.python.build:Building Python package in '/home/user/modelidar/src/road_to_autonomy'
[2.469s] INFO:colcon.colcon_core.shell:Skip shell extension 'powershell' for command environment: Not usable outside of PowerShell
[2.469s] DEBUG:colcon.colcon_core.shell:Skip shell extension 'dsv' for command environment
[2.790s] DEBUG:colcon.colcon_core.event_handler.log_command:Invoking command in '/home/user/modelidar/src/road_to_autonomy': PYTHONPATH=/home/user/modelidar/build/road_to_autonomy/prefix_override:/home/user/modelidar/install/road_to_autonomy/lib/python3.10/site-packages:${PYTHONPATH} /usr/bin/python3 setup.py egg_info --egg-base ../../build/road_to_autonomy build --build-base /home/user/modelidar/build/road_to_autonomy/build install --record /home/user/modelidar/build/road_to_autonomy/install.log --single-version-externally-managed
[3.058s] Level 1:colcon.colcon_core.environment:checking '/home/user/modelidar/install/road_to_autonomy' for CMake module files
[3.058s] DEBUG:colcon.colcon_core.event_handler.log_command:Invoked command in '/home/user/modelidar/src/road_to_autonomy' returned '0': PYTHONPATH=/home/user/modelidar/build/road_to_autonomy/prefix_override:/home/user/modelidar/install/road_to_autonomy/lib/python3.10/site-packages:${PYTHONPATH} /usr/bin/python3 setup.py egg_info --egg-base ../../build/road_to_autonomy build --build-base /home/user/modelidar/build/road_to_autonomy/build install --record /home/user/modelidar/build/road_to_autonomy/install.log --single-version-externally-managed
[3.059s] Level 1:colcon.colcon_core.environment:checking '/home/user/modelidar/install/road_to_autonomy' for CMake config files
[3.059s] Level 1:colcon.colcon_core.environment:checking '/home/user/modelidar/install/road_to_autonomy/lib'
[3.060s] Level 1:colcon.colcon_core.environment:checking '/home/user/modelidar/install/road_to_autonomy/bin'
[3.060s] Level 1:colcon.colcon_core.environment:checking '/home/user/modelidar/install/road_to_autonomy/lib/pkgconfig/road_to_autonomy.pc'
[3.060s] Level 1:colcon.colcon_core.environment:checking '/home/user/modelidar/install/road_to_autonomy/lib/python3.10/site-packages'
[3.060s] Level 1:colcon.colcon_core.shell:create_environment_hook('road_to_autonomy', 'pythonpath')
[3.062s] INFO:colcon.colcon_core.shell:Creating environment hook '/home/user/modelidar/install/road_to_autonomy/share/road_to_autonomy/hook/pythonpath.ps1'
[3.062s] INFO:colcon.colcon_core.shell:Creating environment descriptor '/home/user/modelidar/install/road_to_autonomy/share/road_to_autonomy/hook/pythonpath.dsv'
[3.063s] INFO:colcon.colcon_core.shell:Creating environment hook '/home/user/modelidar/install/road_to_autonomy/share/road_to_autonomy/hook/pythonpath.sh'
[3.063s] Level 1:colcon.colcon_core.environment:checking '/home/user/modelidar/install/road_to_autonomy/bin'
[3.063s] Level 1:colcon.colcon_core.environment:create_environment_scripts_only(road_to_autonomy)
[3.064s] INFO:colcon.colcon_core.shell:Creating package script '/home/user/modelidar/install/road_to_autonomy/share/road_to_autonomy/package.ps1'
[3.064s] INFO:colcon.colcon_core.shell:Creating package descriptor '/home/user/modelidar/install/road_to_autonomy/share/road_to_autonomy/package.dsv'
[3.065s] INFO:colcon.colcon_core.shell:Creating package script '/home/user/modelidar/install/road_to_autonomy/share/road_to_autonomy/package.sh'
[3.065s] INFO:colcon.colcon_core.shell:Creating package script '/home/user/modelidar/install/road_to_autonomy/share/road_to_autonomy/package.bash'
[3.065s] INFO:colcon.colcon_core.shell:Creating package script '/home/user/modelidar/install/road_to_autonomy/share/road_to_autonomy/package.zsh'
[3.065s] Level 1:colcon.colcon_core.environment:create_file_with_runtime_dependencies(/home/user/modelidar/install/road_to_autonomy/share/colcon-core/packages/road_to_autonomy)
[3.065s] DEBUG:colcon.colcon_parallel_executor.executor.parallel:closing loop
[3.066s] DEBUG:colcon.colcon_parallel_executor.executor.parallel:loop closed
[3.066s] DEBUG:colcon.colcon_parallel_executor.executor.parallel:run_until_complete finished with '0'
[3.066s] DEBUG:colcon.colcon_core.event_reactor:joining thread
[3.096s] INFO:colcon.colcon_core.plugin_system:Skipping extension 'colcon_notification.desktop_notification.terminal_notifier': Not used on non-Darwin systems
[3.096s] INFO:colcon.colcon_core.plugin_system:Skipping extension 'colcon_notification.desktop_notification.win32': Not used on non-Windows systems
[3.096s] INFO:colcon.colcon_notification.desktop_notification:Sending desktop notification using 'notify2'
[3.120s] DEBUG:colcon.colcon_core.event_reactor:joined thread
[3.121s] INFO:colcon.colcon_core.shell:Creating prefix script '/home/user/modelidar/install/local_setup.ps1'
[3.123s] INFO:colcon.colcon_core.shell:Creating prefix util module '/home/user/modelidar/install/_local_setup_util_ps1.py'
[3.124s] INFO:colcon.colcon_core.shell:Creating prefix chain script '/home/user/modelidar/install/setup.ps1'
[3.126s] INFO:colcon.colcon_core.shell:Creating prefix script '/home/user/modelidar/install/local_setup.sh'
[3.127s] INFO:colcon.colcon_core.shell:Creating prefix util module '/home/user/modelidar/install/_local_setup_util_sh.py'
[3.127s] INFO:colcon.colcon_core.shell:Creating prefix chain script '/home/user/modelidar/install/setup.sh'
[3.130s] INFO:colcon.colcon_core.shell:Creating prefix script '/home/user/modelidar/install/local_setup.bash'
[3.130s] INFO:colcon.colcon_core.shell:Creating prefix chain script '/home/user/modelidar/install/setup.bash'
[3.132s] INFO:colcon.colcon_core.shell:Creating prefix script '/home/user/modelidar/install/local_setup.zsh'
[3.140s] INFO:colcon.colcon_core.shell:Creating prefix chain script '/home/user/modelidar/install/setup.zsh'
