[1.015s] Invoking command in '/home/user/modelidar/src/rasberry': PYTHONPATH=/home/user/modelidar/build/rasberry/prefix_override:/home/user/modelidar/install/rasberry/lib/python3.10/site-packages:${PYTHONPATH} /usr/bin/python3 setup.py egg_info --egg-base ../../build/rasberry build --build-base /home/user/modelidar/build/rasberry/build install --record /home/user/modelidar/build/rasberry/install.log --single-version-externally-managed
[1.273s] running egg_info
[1.275s] writing ../../build/rasberry/rasberry.egg-info/PKG-INFO
[1.277s] writing dependency_links to ../../build/rasberry/rasberry.egg-info/dependency_links.txt
[1.281s] writing entry points to ../../build/rasberry/rasberry.egg-info/entry_points.txt
[1.281s] writing requirements to ../../build/rasberry/rasberry.egg-info/requires.txt
[1.281s] writing top-level names to ../../build/rasberry/rasberry.egg-info/top_level.txt
[1.283s] reading manifest file '../../build/rasberry/rasberry.egg-info/SOURCES.txt'
[1.285s] writing manifest file '../../build/rasberry/rasberry.egg-info/SOURCES.txt'
[1.285s] running build
[1.285s] running build_py
[1.286s] running install
[1.287s] running install_lib
[1.289s] running install_data
[1.290s] running install_egg_info
[1.292s] removing '/home/user/modelidar/install/rasberry/lib/python3.10/site-packages/rasberry-0.0.0-py3.10.egg-info' (and everything under it)
[1.293s] Copying ../../build/rasberry/rasberry.egg-info to /home/user/modelidar/install/rasberry/lib/python3.10/site-packages/rasberry-0.0.0-py3.10.egg-info
[1.294s] running install_scripts
[1.323s] writing list of installed files to '/home/user/modelidar/build/rasberry/install.log'
[1.566s] Invoked command in '/home/user/modelidar/src/rasberry' returned '0': PYTHONPATH=/home/user/modelidar/build/rasberry/prefix_override:/home/user/modelidar/install/rasberry/lib/python3.10/site-packages:${PYTHONPATH} /usr/bin/python3 setup.py egg_info --egg-base ../../build/rasberry build --build-base /home/user/modelidar/build/rasberry/build install --record /home/user/modelidar/build/rasberry/install.log --single-version-externally-managed
