[0.617s] Invoking command in '/home/user/modelidar/src/road_to_autonomy': PYTHONPATH=/home/user/modelidar/build/road_to_autonomy/prefix_override:/home/user/modelidar/install/road_to_autonomy/lib/python3.10/site-packages:${PYTHONPATH} /usr/bin/python3 setup.py egg_info --egg-base ../../build/road_to_autonomy build --build-base /home/user/modelidar/build/road_to_autonomy/build install --record /home/user/modelidar/build/road_to_autonomy/install.log --single-version-externally-managed
[0.833s] running egg_info
[0.834s] writing ../../build/road_to_autonomy/road_to_autonomy.egg-info/PKG-INFO
[0.834s] writing dependency_links to ../../build/road_to_autonomy/road_to_autonomy.egg-info/dependency_links.txt
[0.835s] writing entry points to ../../build/road_to_autonomy/road_to_autonomy.egg-info/entry_points.txt
[0.835s] writing requirements to ../../build/road_to_autonomy/road_to_autonomy.egg-info/requires.txt
[0.836s] writing top-level names to ../../build/road_to_autonomy/road_to_autonomy.egg-info/top_level.txt
[0.836s] reading manifest file '../../build/road_to_autonomy/road_to_autonomy.egg-info/SOURCES.txt'
[0.836s] writing manifest file '../../build/road_to_autonomy/road_to_autonomy.egg-info/SOURCES.txt'
[0.837s] running build
[0.837s] running build_py
[0.837s] running install
[0.838s] running install_lib
[0.838s] running install_data
[0.838s] running install_egg_info
[0.841s] removing '/home/user/modelidar/install/road_to_autonomy/lib/python3.10/site-packages/road_to_autonomy-0.0.0-py3.10.egg-info' (and everything under it)
[0.841s] Copying ../../build/road_to_autonomy/road_to_autonomy.egg-info to /home/user/modelidar/install/road_to_autonomy/lib/python3.10/site-packages/road_to_autonomy-0.0.0-py3.10.egg-info
[0.841s] running install_scripts
[0.861s] writing list of installed files to '/home/user/modelidar/build/road_to_autonomy/install.log'
[0.891s] Invoked command in '/home/user/modelidar/src/road_to_autonomy' returned '0': PYTHONPATH=/home/user/modelidar/build/road_to_autonomy/prefix_override:/home/user/modelidar/install/road_to_autonomy/lib/python3.10/site-packages:${PYTHONPATH} /usr/bin/python3 setup.py egg_info --egg-base ../../build/road_to_autonomy build --build-base /home/user/modelidar/build/road_to_autonomy/build install --record /home/user/modelidar/build/road_to_autonomy/install.log --single-version-externally-managed
